Using pre-set license
Built from '2020.3/staging' branch; Version is '2020.3.38f1 (8f5fde82e2dc) revision 9396190'; Using compiler version '192528614'; Build Type 'Release'
OS: 'Windows 11  (10.0.22000) 64bit CoreSingleLanguage' Language: 'es' Physical Memory: 10153 MB
BatchMode: 1, IsHumanControllingUs: 0, StartBugReporterOnCrash: 0, Is64bit: 1, IsPro: 0

COMMAND LINE ARGUMENTS:
D:\Program Files\Unity\Hub\Editor\2020.3.38f1\Editor\Unity.exe
-adb2
-batchMode
-noUpm
-name
AssetImportWorker0
-projectPath
C:/Users/ramir/OneDrive/Documentos/escuela/cuatri4/barron/Unity Ramiro/Leccion 2
-logFile
Logs/AssetImportWorker0.log
-srvPort
59120
Successfully changed project path to: C:/Users/ramir/OneDrive/Documentos/escuela/cuatri4/barron/Unity Ramiro/Leccion 2
C:/Users/ramir/OneDrive/Documentos/escuela/cuatri4/barron/Unity Ramiro/Leccion 2
Using Asset Import Pipeline V2.
Refreshing native plugins compatible for Editor in 52.16 ms, found 2 plugins.
Preloading 0 native plugins for Editor in 0.00 ms.
Initialize engine version: 2020.3.38f1 (8f5fde82e2dc)
[Subsystems] Discovering subsystems at path D:/Program Files/Unity/Hub/Editor/2020.3.38f1/Editor/Data/Resources/UnitySubsystems
[Subsystems] Discovering subsystems at path C:/Users/ramir/OneDrive/Documentos/escuela/cuatri4/barron/Unity Ramiro/Leccion 2/Assets
GfxDevice: creating device client; threaded=0
Direct3D:
    Version:  Direct3D 11.0 [level 11.1]
    Renderer: AMD Radeon(TM) Vega 6 Graphics (ID=0x15d8)
    Vendor:   
    VRAM:     5076 MB
    Driver:   30.0.13023.4001
Initialize mono
Mono path[0] = 'D:/Program Files/Unity/Hub/Editor/2020.3.38f1/Editor/Data/Managed'
Mono path[1] = 'D:/Program Files/Unity/Hub/Editor/2020.3.38f1/Editor/Data/MonoBleedingEdge/lib/mono/unityjit'
Mono config path = 'D:/Program Files/Unity/Hub/Editor/2020.3.38f1/Editor/Data/MonoBleedingEdge/etc'
Using monoOptions --debugger-agent=transport=dt_socket,embedding=1,server=y,suspend=n,address=127.0.0.1:56436
Begin MonoManager ReloadAssembly
Registering precompiled unity dll's ...
Register platform support module: D:/Program Files/Unity/Hub/Editor/2020.3.38f1/Editor/Data/PlaybackEngines/WindowsStandaloneSupport/UnityEditor.WindowsStandalone.Extensions.dll
Registered in 0.001241 seconds.
Native extension for WindowsStandalone target not found
Refreshing native plugins compatible for Editor in 50.94 ms, found 2 plugins.
Preloading 0 native plugins for Editor in 0.00 ms.
Mono: successfully reloaded assembly
- Completed reload, in  0.904 seconds
Domain Reload Profiling:
	ReloadAssembly (904ms)
		BeginReloadAssembly (110ms)
			ExecutionOrderSort (0ms)
			DisableScriptedObjects (0ms)
			BackupInstance (0ms)
			ReleaseScriptingObjects (0ms)
			CreateAndSetChildDomain (1ms)
		EndReloadAssembly (692ms)
			LoadAssemblies (110ms)
			RebuildTransferFunctionScriptingTraits (0ms)
			SetupTypeCache (228ms)
			ReleaseScriptCaches (0ms)
			RebuildScriptCaches (50ms)
			SetupLoadedEditorAssemblies (244ms)
				LogAssemblyErrors (0ms)
				InitializePlatformSupportModulesInManaged (7ms)
				SetLoadedEditorAssemblies (0ms)
				RefreshPlugins (51ms)
				BeforeProcessingInitializeOnLoad (15ms)
				ProcessInitializeOnLoadAttributes (128ms)
				ProcessInitializeOnLoadMethodAttributes (43ms)
				AfterProcessingInitializeOnLoad (0ms)
				EditorAssembliesLoaded (0ms)
			ExecutionOrderSort2 (0ms)
			AwakeInstancesAfterBackupRestoration (0ms)
Platform modules already initialized, skipping
Registering precompiled user dll's ...
Registered in 0.003158 seconds.
Begin MonoManager ReloadAssembly
Native extension for WindowsStandalone target not found
Refreshing native plugins compatible for Editor in 0.53 ms, found 2 plugins.
Preloading 0 native plugins for Editor in 0.00 ms.
Mono: successfully reloaded assembly
- Completed reload, in  1.457 seconds
Domain Reload Profiling:
	ReloadAssembly (1459ms)
		BeginReloadAssembly (234ms)
			ExecutionOrderSort (0ms)
			DisableScriptedObjects (7ms)
			BackupInstance (0ms)
			ReleaseScriptingObjects (0ms)
			CreateAndSetChildDomain (26ms)
		EndReloadAssembly (1139ms)
			LoadAssemblies (146ms)
			RebuildTransferFunctionScriptingTraits (0ms)
			SetupTypeCache (412ms)
			ReleaseScriptCaches (1ms)
			RebuildScriptCaches (64ms)
			SetupLoadedEditorAssemblies (429ms)
				LogAssemblyErrors (0ms)
				InitializePlatformSupportModulesInManaged (8ms)
				SetLoadedEditorAssemblies (1ms)
				RefreshPlugins (1ms)
				BeforeProcessingInitializeOnLoad (79ms)
				ProcessInitializeOnLoadAttributes (316ms)
				ProcessInitializeOnLoadMethodAttributes (21ms)
				AfterProcessingInitializeOnLoad (3ms)
				EditorAssembliesLoaded (0ms)
			ExecutionOrderSort2 (0ms)
			AwakeInstancesAfterBackupRestoration (3ms)
Platform modules already initialized, skipping
========================================================================
Worker process is ready to serve import requests
Launched and connected shader compiler UnityShaderCompiler.exe after 0.05 seconds
Refreshing native plugins compatible for Editor in 0.44 ms, found 2 plugins.
Preloading 0 native plugins for Editor in 0.00 ms.
Unloading 1523 Unused Serialized files (Serialized files now loaded: 0)
System memory in use before: 71.2 MB.
System memory in use after: 71.2 MB.

Unloading 17 unused Assets to reduce memory usage. Loaded Objects now: 1960.
Total: 4.632200 ms (FindLiveObjects: 0.207800 ms CreateObjectMapping: 0.069400 ms MarkObjects: 4.198500 ms  DeleteObjects: 0.154600 ms)

AssetImportParameters requested are different than current active one (requested -> active):
  custom:framework-win-MediaFoundation: 216162199b28c13a410421893ffa2e32 -> 
  custom:video-decoder-ogg-theora: a1e56fd34408186e4bbccfd4996cb3dc -> 
  custom:container-muxer-webm: aa71ff27fc2769a1b78a27578f13a17b -> 
  custom:container-demuxer-webm: 4f35f7cbe854078d1ac9338744f61a02 -> 
  custom:container-demuxer-ogg: 62fdf1f143b41e24485cea50d1cbac27 -> 
  custom:video-encoder-webm-vp8: eb34c28f22e8b96e1ab97ce403110664 -> 
  custom:video-decoder-webm-vp8: 9c59270c3fd7afecdb556c50c9e8de78 -> 
  custom:audio-decoder-ogg-vorbis: bf7c407c2cedff20999df2af8eb42d56 -> 
  custom:audio-encoder-webm-vorbis: bf7c407c2cedff20999df2af8eb42d56 -> 
========================================================================
Received Import Request.
  path: Assets/scripts/MoverJoseComelon.cs
  artifactKey: Guid(08803c3d1d1b77f409570d11d26ce0e4) Importer(815301076,1909f56bfc062723c751e8b465ee728b)
Start importing Assets/scripts/MoverJoseComelon.cs using Guid(08803c3d1d1b77f409570d11d26ce0e4) Importer(815301076,1909f56bfc062723c751e8b465ee728b)  -> (artifact id: '961885a62eac2bf64d805dd18f4d3e5a') in 0.139536 seconds 
========================================================================
Received Prepare
Registering precompiled user dll's ...
Registered in 0.003665 seconds.
Begin MonoManager ReloadAssembly
Native extension for WindowsStandalone target not found
Refreshing native plugins compatible for Editor in 0.47 ms, found 2 plugins.
Preloading 0 native plugins for Editor in 0.00 ms.
Mono: successfully reloaded assembly
- Completed reload, in  1.468 seconds
Domain Reload Profiling:
	ReloadAssembly (1469ms)
		BeginReloadAssembly (189ms)
			ExecutionOrderSort (0ms)
			DisableScriptedObjects (7ms)
			BackupInstance (0ms)
			ReleaseScriptingObjects (0ms)
			CreateAndSetChildDomain (47ms)
		EndReloadAssembly (1183ms)
			LoadAssemblies (161ms)
			RebuildTransferFunctionScriptingTraits (0ms)
			SetupTypeCache (415ms)
			ReleaseScriptCaches (1ms)
			RebuildScriptCaches (60ms)
			SetupLoadedEditorAssemblies (440ms)
				LogAssemblyErrors (0ms)
				InitializePlatformSupportModulesInManaged (6ms)
				SetLoadedEditorAssemblies (1ms)
				RefreshPlugins (1ms)
				BeforeProcessingInitializeOnLoad (73ms)
				ProcessInitializeOnLoadAttributes (333ms)
				ProcessInitializeOnLoadMethodAttributes (23ms)
				AfterProcessingInitializeOnLoad (3ms)
				EditorAssembliesLoaded (0ms)
			ExecutionOrderSort2 (0ms)
			AwakeInstancesAfterBackupRestoration (4ms)
Platform modules already initialized, skipping
Refreshing native plugins compatible for Editor in 0.49 ms, found 2 plugins.
Preloading 0 native plugins for Editor in 0.00 ms.
Unloading 1518 Unused Serialized files (Serialized files now loaded: 0)
System memory in use before: 71.1 MB.
System memory in use after: 71.2 MB.

Unloading 12 unused Assets to reduce memory usage. Loaded Objects now: 1963.
Total: 5.141000 ms (FindLiveObjects: 0.226400 ms CreateObjectMapping: 0.077800 ms MarkObjects: 4.727300 ms  DeleteObjects: 0.107200 ms)

AssetImportParameters requested are different than current active one (requested -> active):
  custom:framework-win-MediaFoundation: 216162199b28c13a410421893ffa2e32 -> 
  custom:video-decoder-ogg-theora: a1e56fd34408186e4bbccfd4996cb3dc -> 
  custom:container-muxer-webm: aa71ff27fc2769a1b78a27578f13a17b -> 
  custom:container-demuxer-webm: 4f35f7cbe854078d1ac9338744f61a02 -> 
  custom:container-demuxer-ogg: 62fdf1f143b41e24485cea50d1cbac27 -> 
  custom:video-encoder-webm-vp8: eb34c28f22e8b96e1ab97ce403110664 -> 
  custom:video-decoder-webm-vp8: 9c59270c3fd7afecdb556c50c9e8de78 -> 
  custom:audio-decoder-ogg-vorbis: bf7c407c2cedff20999df2af8eb42d56 -> 
  custom:audio-encoder-webm-vorbis: bf7c407c2cedff20999df2af8eb42d56 -> 
========================================================================
Received Import Request.
  Time since last request: 4453.762292 seconds.
  path: Assets/scripts/MoverSandwich.cs
  artifactKey: Guid(d2fe8f04c15e284408a8c10f169b40cc) Importer(815301076,1909f56bfc062723c751e8b465ee728b)
Start importing Assets/scripts/MoverSandwich.cs using Guid(d2fe8f04c15e284408a8c10f169b40cc) Importer(815301076,1909f56bfc062723c751e8b465ee728b)  -> (artifact id: 'f08999d281532527cc6187dc837fcff3') in 0.015624 seconds 
========================================================================
Received Import Request.
  Time since last request: 49.493837 seconds.
  path: Assets/Prefabs
  artifactKey: Guid(7951d178fa604e04992c90bccfaa8eeb) Importer(815301076,1909f56bfc062723c751e8b465ee728b)
Start importing Assets/Prefabs using Guid(7951d178fa604e04992c90bccfaa8eeb) Importer(815301076,1909f56bfc062723c751e8b465ee728b)  -> (artifact id: '3352d352290e7b759ddfbe6a359ebd79') in 0.008817 seconds 
========================================================================
Received Import Request.
  Time since last request: 88.170535 seconds.
  path: Assets/Prefabs/Sandwich.prefab
  artifactKey: Guid(e09f36d6d43aef94c84f7770947cdca5) Importer(815301076,1909f56bfc062723c751e8b465ee728b)
Start importing Assets/Prefabs/Sandwich.prefab using Guid(e09f36d6d43aef94c84f7770947cdca5) Importer(815301076,1909f56bfc062723c751e8b465ee728b)  -> (artifact id: '4ea569b3a1f06121306db2028fe790c9') in 0.233832 seconds 
========================================================================
Received Prepare
Registering precompiled user dll's ...
Registered in 0.004461 seconds.
Begin MonoManager ReloadAssembly
Native extension for WindowsStandalone target not found
Refreshing native plugins compatible for Editor in 0.47 ms, found 2 plugins.
Preloading 0 native plugins for Editor in 0.00 ms.
Mono: successfully reloaded assembly
- Completed reload, in  1.522 seconds
Domain Reload Profiling:
	ReloadAssembly (1522ms)
		BeginReloadAssembly (185ms)
			ExecutionOrderSort (0ms)
			DisableScriptedObjects (7ms)
			BackupInstance (0ms)
			ReleaseScriptingObjects (0ms)
			CreateAndSetChildDomain (52ms)
		EndReloadAssembly (1227ms)
			LoadAssemblies (169ms)
			RebuildTransferFunctionScriptingTraits (0ms)
			SetupTypeCache (417ms)
			ReleaseScriptCaches (1ms)
			RebuildScriptCaches (61ms)
			SetupLoadedEditorAssemblies (466ms)
				LogAssemblyErrors (0ms)
				InitializePlatformSupportModulesInManaged (6ms)
				SetLoadedEditorAssemblies (1ms)
				RefreshPlugins (1ms)
				BeforeProcessingInitializeOnLoad (88ms)
				ProcessInitializeOnLoadAttributes (340ms)
				ProcessInitializeOnLoadMethodAttributes (26ms)
				AfterProcessingInitializeOnLoad (5ms)
				EditorAssembliesLoaded (0ms)
			ExecutionOrderSort2 (0ms)
			AwakeInstancesAfterBackupRestoration (3ms)
Platform modules already initialized, skipping
Refreshing native plugins compatible for Editor in 0.51 ms, found 2 plugins.
Preloading 0 native plugins for Editor in 0.00 ms.
Unloading 1518 Unused Serialized files (Serialized files now loaded: 0)
System memory in use before: 74.3 MB.
System memory in use after: 74.4 MB.

Unloading 12 unused Assets to reduce memory usage. Loaded Objects now: 1974.
Total: 5.045900 ms (FindLiveObjects: 0.203500 ms CreateObjectMapping: 0.062600 ms MarkObjects: 4.673700 ms  DeleteObjects: 0.104600 ms)

AssetImportParameters requested are different than current active one (requested -> active):
  custom:framework-win-MediaFoundation: 216162199b28c13a410421893ffa2e32 -> 
  custom:video-decoder-ogg-theora: a1e56fd34408186e4bbccfd4996cb3dc -> 
  custom:container-muxer-webm: aa71ff27fc2769a1b78a27578f13a17b -> 
  custom:container-demuxer-webm: 4f35f7cbe854078d1ac9338744f61a02 -> 
  custom:container-demuxer-ogg: 62fdf1f143b41e24485cea50d1cbac27 -> 
  custom:video-encoder-webm-vp8: eb34c28f22e8b96e1ab97ce403110664 -> 
  custom:video-decoder-webm-vp8: 9c59270c3fd7afecdb556c50c9e8de78 -> 
  custom:audio-decoder-ogg-vorbis: bf7c407c2cedff20999df2af8eb42d56 -> 
  custom:audio-encoder-webm-vorbis: bf7c407c2cedff20999df2af8eb42d56 -> 
========================================================================
Received Prepare
Registering precompiled user dll's ...
Registered in 0.003735 seconds.
Begin MonoManager ReloadAssembly
Native extension for WindowsStandalone target not found
Refreshing native plugins compatible for Editor in 0.48 ms, found 2 plugins.
Preloading 0 native plugins for Editor in 0.00 ms.
Mono: successfully reloaded assembly
- Completed reload, in  1.682 seconds
Domain Reload Profiling:
	ReloadAssembly (1683ms)
		BeginReloadAssembly (196ms)
			ExecutionOrderSort (0ms)
			DisableScriptedObjects (6ms)
			BackupInstance (0ms)
			ReleaseScriptingObjects (0ms)
			CreateAndSetChildDomain (45ms)
		EndReloadAssembly (1381ms)
			LoadAssemblies (208ms)
			RebuildTransferFunctionScriptingTraits (0ms)
			SetupTypeCache (499ms)
			ReleaseScriptCaches (2ms)
			RebuildScriptCaches (76ms)
			SetupLoadedEditorAssemblies (477ms)
				LogAssemblyErrors (0ms)
				InitializePlatformSupportModulesInManaged (7ms)
				SetLoadedEditorAssemblies (1ms)
				RefreshPlugins (1ms)
				BeforeProcessingInitializeOnLoad (83ms)
				ProcessInitializeOnLoadAttributes (352ms)
				ProcessInitializeOnLoadMethodAttributes (31ms)
				AfterProcessingInitializeOnLoad (3ms)
				EditorAssembliesLoaded (1ms)
			ExecutionOrderSort2 (0ms)
			AwakeInstancesAfterBackupRestoration (6ms)
Platform modules already initialized, skipping
Refreshing native plugins compatible for Editor in 0.48 ms, found 2 plugins.
Preloading 0 native plugins for Editor in 0.00 ms.
Unloading 1518 Unused Serialized files (Serialized files now loaded: 0)
System memory in use before: 74.3 MB.
System memory in use after: 74.4 MB.

Unloading 12 unused Assets to reduce memory usage. Loaded Objects now: 1977.
Total: 3.938500 ms (FindLiveObjects: 0.202500 ms CreateObjectMapping: 0.059100 ms MarkObjects: 3.584300 ms  DeleteObjects: 0.090700 ms)

AssetImportParameters requested are different than current active one (requested -> active):
  custom:framework-win-MediaFoundation: 216162199b28c13a410421893ffa2e32 -> 
  custom:video-decoder-ogg-theora: a1e56fd34408186e4bbccfd4996cb3dc -> 
  custom:container-muxer-webm: aa71ff27fc2769a1b78a27578f13a17b -> 
  custom:container-demuxer-webm: 4f35f7cbe854078d1ac9338744f61a02 -> 
  custom:container-demuxer-ogg: 62fdf1f143b41e24485cea50d1cbac27 -> 
  custom:video-encoder-webm-vp8: eb34c28f22e8b96e1ab97ce403110664 -> 
  custom:video-decoder-webm-vp8: 9c59270c3fd7afecdb556c50c9e8de78 -> 
  custom:audio-decoder-ogg-vorbis: bf7c407c2cedff20999df2af8eb42d56 -> 
  custom:audio-encoder-webm-vorbis: bf7c407c2cedff20999df2af8eb42d56 -> 
========================================================================
Received Prepare
Registering precompiled user dll's ...
Registered in 0.002952 seconds.
Begin MonoManager ReloadAssembly
Native extension for WindowsStandalone target not found
Refreshing native plugins compatible for Editor in 0.46 ms, found 2 plugins.
Preloading 0 native plugins for Editor in 0.00 ms.
Mono: successfully reloaded assembly
- Completed reload, in  1.526 seconds
Domain Reload Profiling:
	ReloadAssembly (1527ms)
		BeginReloadAssembly (172ms)
			ExecutionOrderSort (0ms)
			DisableScriptedObjects (9ms)
			BackupInstance (0ms)
			ReleaseScriptingObjects (0ms)
			CreateAndSetChildDomain (47ms)
		EndReloadAssembly (1263ms)
			LoadAssemblies (199ms)
			RebuildTransferFunctionScriptingTraits (0ms)
			SetupTypeCache (453ms)
			ReleaseScriptCaches (1ms)
			RebuildScriptCaches (63ms)
			SetupLoadedEditorAssemblies (409ms)
				LogAssemblyErrors (0ms)
				InitializePlatformSupportModulesInManaged (5ms)
				SetLoadedEditorAssemblies (1ms)
				RefreshPlugins (1ms)
				BeforeProcessingInitializeOnLoad (79ms)
				ProcessInitializeOnLoadAttributes (299ms)
				ProcessInitializeOnLoadMethodAttributes (22ms)
				AfterProcessingInitializeOnLoad (3ms)
				EditorAssembliesLoaded (1ms)
			ExecutionOrderSort2 (0ms)
			AwakeInstancesAfterBackupRestoration (4ms)
Platform modules already initialized, skipping
Refreshing native plugins compatible for Editor in 0.53 ms, found 2 plugins.
Preloading 0 native plugins for Editor in 0.00 ms.
Unloading 1518 Unused Serialized files (Serialized files now loaded: 0)
System memory in use before: 74.3 MB.
System memory in use after: 74.4 MB.

Unloading 12 unused Assets to reduce memory usage. Loaded Objects now: 1980.
Total: 4.961700 ms (FindLiveObjects: 0.201700 ms CreateObjectMapping: 0.060300 ms MarkObjects: 4.602200 ms  DeleteObjects: 0.095800 ms)

AssetImportParameters requested are different than current active one (requested -> active):
  custom:framework-win-MediaFoundation: 216162199b28c13a410421893ffa2e32 -> 
  custom:video-decoder-ogg-theora: a1e56fd34408186e4bbccfd4996cb3dc -> 
  custom:container-muxer-webm: aa71ff27fc2769a1b78a27578f13a17b -> 
  custom:container-demuxer-webm: 4f35f7cbe854078d1ac9338744f61a02 -> 
  custom:container-demuxer-ogg: 62fdf1f143b41e24485cea50d1cbac27 -> 
  custom:video-encoder-webm-vp8: eb34c28f22e8b96e1ab97ce403110664 -> 
  custom:video-decoder-webm-vp8: 9c59270c3fd7afecdb556c50c9e8de78 -> 
  custom:audio-decoder-ogg-vorbis: bf7c407c2cedff20999df2af8eb42d56 -> 
  custom:audio-encoder-webm-vorbis: bf7c407c2cedff20999df2af8eb42d56 -> 
========================================================================
Received Prepare
Registering precompiled user dll's ...
Registered in 0.007238 seconds.
Begin MonoManager ReloadAssembly
Native extension for WindowsStandalone target not found
Refreshing native plugins compatible for Editor in 0.51 ms, found 2 plugins.
Preloading 0 native plugins for Editor in 0.00 ms.
Mono: successfully reloaded assembly
- Completed reload, in  2.165 seconds
Domain Reload Profiling:
	ReloadAssembly (2166ms)
		BeginReloadAssembly (272ms)
			ExecutionOrderSort (0ms)
			DisableScriptedObjects (12ms)
			BackupInstance (0ms)
			ReleaseScriptingObjects (1ms)
			CreateAndSetChildDomain (63ms)
		EndReloadAssembly (1714ms)
			LoadAssemblies (257ms)
			RebuildTransferFunctionScriptingTraits (0ms)
			SetupTypeCache (642ms)
			ReleaseScriptCaches (1ms)
			RebuildScriptCaches (76ms)
			SetupLoadedEditorAssemblies (608ms)
				LogAssemblyErrors (0ms)
				InitializePlatformSupportModulesInManaged (10ms)
				SetLoadedEditorAssemblies (1ms)
				RefreshPlugins (1ms)
				BeforeProcessingInitializeOnLoad (104ms)
				ProcessInitializeOnLoadAttributes (455ms)
				ProcessInitializeOnLoadMethodAttributes (33ms)
				AfterProcessingInitializeOnLoad (4ms)
				EditorAssembliesLoaded (0ms)
			ExecutionOrderSort2 (0ms)
			AwakeInstancesAfterBackupRestoration (4ms)
Platform modules already initialized, skipping
Refreshing native plugins compatible for Editor in 0.58 ms, found 2 plugins.
Preloading 0 native plugins for Editor in 0.00 ms.
Unloading 1518 Unused Serialized files (Serialized files now loaded: 0)
System memory in use before: 74.3 MB.
System memory in use after: 74.4 MB.

Unloading 12 unused Assets to reduce memory usage. Loaded Objects now: 1983.
Total: 5.164600 ms (FindLiveObjects: 0.199600 ms CreateObjectMapping: 0.056100 ms MarkObjects: 4.791400 ms  DeleteObjects: 0.115900 ms)

AssetImportParameters requested are different than current active one (requested -> active):
  custom:framework-win-MediaFoundation: 216162199b28c13a410421893ffa2e32 -> 
  custom:video-decoder-ogg-theora: a1e56fd34408186e4bbccfd4996cb3dc -> 
  custom:container-muxer-webm: aa71ff27fc2769a1b78a27578f13a17b -> 
  custom:container-demuxer-webm: 4f35f7cbe854078d1ac9338744f61a02 -> 
  custom:container-demuxer-ogg: 62fdf1f143b41e24485cea50d1cbac27 -> 
  custom:video-encoder-webm-vp8: eb34c28f22e8b96e1ab97ce403110664 -> 
  custom:video-decoder-webm-vp8: 9c59270c3fd7afecdb556c50c9e8de78 -> 
  custom:audio-decoder-ogg-vorbis: bf7c407c2cedff20999df2af8eb42d56 -> 
  custom:audio-encoder-webm-vorbis: bf7c407c2cedff20999df2af8eb42d56 -> 
========================================================================
Received Prepare
Registering precompiled user dll's ...
Registered in 0.005886 seconds.
Begin MonoManager ReloadAssembly
Native extension for WindowsStandalone target not found
Refreshing native plugins compatible for Editor in 0.88 ms, found 2 plugins.
Preloading 0 native plugins for Editor in 0.00 ms.
Mono: successfully reloaded assembly
- Completed reload, in  1.533 seconds
Domain Reload Profiling:
	ReloadAssembly (1534ms)
		BeginReloadAssembly (189ms)
			ExecutionOrderSort (0ms)
			DisableScriptedObjects (12ms)
			BackupInstance (0ms)
			ReleaseScriptingObjects (0ms)
			CreateAndSetChildDomain (45ms)
		EndReloadAssembly (1251ms)
			LoadAssemblies (167ms)
			RebuildTransferFunctionScriptingTraits (0ms)
			SetupTypeCache (469ms)
			ReleaseScriptCaches (1ms)
			RebuildScriptCaches (68ms)
			SetupLoadedEditorAssemblies (442ms)
				LogAssemblyErrors (0ms)
				InitializePlatformSupportModulesInManaged (8ms)
				SetLoadedEditorAssemblies (1ms)
				RefreshPlugins (1ms)
				BeforeProcessingInitializeOnLoad (79ms)
				ProcessInitializeOnLoadAttributes (326ms)
				ProcessInitializeOnLoadMethodAttributes (21ms)
				AfterProcessingInitializeOnLoad (4ms)
				EditorAssembliesLoaded (1ms)
			ExecutionOrderSort2 (0ms)
			AwakeInstancesAfterBackupRestoration (4ms)
Platform modules already initialized, skipping
Refreshing native plugins compatible for Editor in 0.52 ms, found 2 plugins.
Preloading 0 native plugins for Editor in 0.00 ms.
Unloading 1518 Unused Serialized files (Serialized files now loaded: 0)
System memory in use before: 74.3 MB.
System memory in use after: 74.4 MB.

Unloading 12 unused Assets to reduce memory usage. Loaded Objects now: 1986.
Total: 5.249700 ms (FindLiveObjects: 0.201200 ms CreateObjectMapping: 0.061800 ms MarkObjects: 4.882400 ms  DeleteObjects: 0.102500 ms)

AssetImportParameters requested are different than current active one (requested -> active):
  custom:framework-win-MediaFoundation: 216162199b28c13a410421893ffa2e32 -> 
  custom:video-decoder-ogg-theora: a1e56fd34408186e4bbccfd4996cb3dc -> 
  custom:container-muxer-webm: aa71ff27fc2769a1b78a27578f13a17b -> 
  custom:container-demuxer-webm: 4f35f7cbe854078d1ac9338744f61a02 -> 
  custom:container-demuxer-ogg: 62fdf1f143b41e24485cea50d1cbac27 -> 
  custom:video-encoder-webm-vp8: eb34c28f22e8b96e1ab97ce403110664 -> 
  custom:video-decoder-webm-vp8: 9c59270c3fd7afecdb556c50c9e8de78 -> 
  custom:audio-decoder-ogg-vorbis: bf7c407c2cedff20999df2af8eb42d56 -> 
  custom:audio-encoder-webm-vorbis: bf7c407c2cedff20999df2af8eb42d56 -> 
========================================================================
Received Import Request.
  Time since last request: 460.343825 seconds.
  path: Assets/Prefabs/Burro.prefab
  artifactKey: Guid(cbf2d2cca47c3b54c8c62b5881467c76) Importer(815301076,1909f56bfc062723c751e8b465ee728b)
Start importing Assets/Prefabs/Burro.prefab using Guid(cbf2d2cca47c3b54c8c62b5881467c76) Importer(815301076,1909f56bfc062723c751e8b465ee728b)  -> (artifact id: 'f9b584665b5e47d625969d5d5f692787') in 0.282062 seconds 
========================================================================
Received Import Request.
  Time since last request: 0.000293 seconds.
  path: Assets/Prefabs/Vaca.prefab
  artifactKey: Guid(4e0f05e5b75ce2a408ccef0d0d6627a9) Importer(815301076,1909f56bfc062723c751e8b465ee728b)
Start importing Assets/Prefabs/Vaca.prefab using Guid(4e0f05e5b75ce2a408ccef0d0d6627a9) Importer(815301076,1909f56bfc062723c751e8b465ee728b)  -> (artifact id: 'ff7d9e5b5df2a07c95efc3bee56dd758') in 0.076856 seconds 
========================================================================
Received Import Request.
  Time since last request: 1.546283 seconds.
  path: Assets/Prefabs/Pollo.prefab
  artifactKey: Guid(8dfeda1869306c9408f3f1cc37e996db) Importer(815301076,1909f56bfc062723c751e8b465ee728b)
Start importing Assets/Prefabs/Pollo.prefab using Guid(8dfeda1869306c9408f3f1cc37e996db) Importer(815301076,1909f56bfc062723c751e8b465ee728b)  -> (artifact id: '1eb4214c414df9478fd07a208e2db4e6') in 0.059068 seconds 
========================================================================
Received Prepare
Registering precompiled user dll's ...
Registered in 0.003586 seconds.
Begin MonoManager ReloadAssembly
Native extension for WindowsStandalone target not found
Refreshing native plugins compatible for Editor in 0.53 ms, found 2 plugins.
Preloading 0 native plugins for Editor in 0.00 ms.
Mono: successfully reloaded assembly
- Completed reload, in  1.866 seconds
Domain Reload Profiling:
	ReloadAssembly (1866ms)
		BeginReloadAssembly (183ms)
			ExecutionOrderSort (0ms)
			DisableScriptedObjects (8ms)
			BackupInstance (0ms)
			ReleaseScriptingObjects (0ms)
			CreateAndSetChildDomain (56ms)
		EndReloadAssembly (1594ms)
			LoadAssemblies (198ms)
			RebuildTransferFunctionScriptingTraits (0ms)
			SetupTypeCache (769ms)
			ReleaseScriptCaches (1ms)
			RebuildScriptCaches (68ms)
			SetupLoadedEditorAssemblies (441ms)
				LogAssemblyErrors (0ms)
				InitializePlatformSupportModulesInManaged (9ms)
				SetLoadedEditorAssemblies (1ms)
				RefreshPlugins (1ms)
				BeforeProcessingInitializeOnLoad (90ms)
				ProcessInitializeOnLoadAttributes (314ms)
				ProcessInitializeOnLoadMethodAttributes (23ms)
				AfterProcessingInitializeOnLoad (3ms)
				EditorAssembliesLoaded (0ms)
			ExecutionOrderSort2 (0ms)
			AwakeInstancesAfterBackupRestoration (3ms)
Platform modules already initialized, skipping
Refreshing native plugins compatible for Editor in 0.52 ms, found 2 plugins.
Preloading 0 native plugins for Editor in 0.00 ms.
Unloading 1519 Unused Serialized files (Serialized files now loaded: 0)
System memory in use before: 87.8 MB.
System memory in use after: 87.9 MB.

Unloading 12 unused Assets to reduce memory usage. Loaded Objects now: 1992.
Total: 3.649500 ms (FindLiveObjects: 0.259200 ms CreateObjectMapping: 0.091100 ms MarkObjects: 3.168700 ms  DeleteObjects: 0.128100 ms)

AssetImportParameters requested are different than current active one (requested -> active):
  custom:framework-win-MediaFoundation: 216162199b28c13a410421893ffa2e32 -> 
  custom:video-decoder-ogg-theora: a1e56fd34408186e4bbccfd4996cb3dc -> 
  custom:container-muxer-webm: aa71ff27fc2769a1b78a27578f13a17b -> 
  custom:container-demuxer-webm: 4f35f7cbe854078d1ac9338744f61a02 -> 
  custom:container-demuxer-ogg: 62fdf1f143b41e24485cea50d1cbac27 -> 
  custom:video-encoder-webm-vp8: eb34c28f22e8b96e1ab97ce403110664 -> 
  custom:video-decoder-webm-vp8: 9c59270c3fd7afecdb556c50c9e8de78 -> 
  custom:audio-decoder-ogg-vorbis: bf7c407c2cedff20999df2af8eb42d56 -> 
  custom:audio-encoder-webm-vorbis: bf7c407c2cedff20999df2af8eb42d56 -> 
========================================================================
Received Prepare
Registering precompiled user dll's ...
Registered in 0.003318 seconds.
Begin MonoManager ReloadAssembly
Native extension for WindowsStandalone target not found
Refreshing native plugins compatible for Editor in 0.61 ms, found 2 plugins.
Preloading 0 native plugins for Editor in 0.00 ms.
Mono: successfully reloaded assembly
- Completed reload, in  1.972 seconds
Domain Reload Profiling:
	ReloadAssembly (1973ms)
		BeginReloadAssembly (209ms)
			ExecutionOrderSort (0ms)
			DisableScriptedObjects (9ms)
			BackupInstance (0ms)
			ReleaseScriptingObjects (0ms)
			CreateAndSetChildDomain (46ms)
		EndReloadAssembly (1646ms)
			LoadAssemblies (209ms)
			RebuildTransferFunctionScriptingTraits (0ms)
			SetupTypeCache (559ms)
			ReleaseScriptCaches (1ms)
			RebuildScriptCaches (112ms)
			SetupLoadedEditorAssemblies (612ms)
				LogAssemblyErrors (0ms)
				InitializePlatformSupportModulesInManaged (10ms)
				SetLoadedEditorAssemblies (1ms)
				RefreshPlugins (1ms)
				BeforeProcessingInitializeOnLoad (107ms)
				ProcessInitializeOnLoadAttributes (455ms)
				ProcessInitializeOnLoadMethodAttributes (34ms)
				AfterProcessingInitializeOnLoad (4ms)
				EditorAssembliesLoaded (0ms)
			ExecutionOrderSort2 (0ms)
			AwakeInstancesAfterBackupRestoration (4ms)
Platform modules already initialized, skipping
Refreshing native plugins compatible for Editor in 0.61 ms, found 2 plugins.
Preloading 0 native plugins for Editor in 0.00 ms.
Unloading 1519 Unused Serialized files (Serialized files now loaded: 0)
System memory in use before: 87.8 MB.
System memory in use after: 87.9 MB.

Unloading 12 unused Assets to reduce memory usage. Loaded Objects now: 1995.
Total: 7.688100 ms (FindLiveObjects: 1.726200 ms CreateObjectMapping: 0.181500 ms MarkObjects: 5.677800 ms  DeleteObjects: 0.098500 ms)

AssetImportParameters requested are different than current active one (requested -> active):
  custom:framework-win-MediaFoundation: 216162199b28c13a410421893ffa2e32 -> 
  custom:video-decoder-ogg-theora: a1e56fd34408186e4bbccfd4996cb3dc -> 
  custom:container-muxer-webm: aa71ff27fc2769a1b78a27578f13a17b -> 
  custom:container-demuxer-webm: 4f35f7cbe854078d1ac9338744f61a02 -> 
  custom:container-demuxer-ogg: 62fdf1f143b41e24485cea50d1cbac27 -> 
  custom:video-encoder-webm-vp8: eb34c28f22e8b96e1ab97ce403110664 -> 
  custom:video-decoder-webm-vp8: 9c59270c3fd7afecdb556c50c9e8de78 -> 
  custom:audio-decoder-ogg-vorbis: bf7c407c2cedff20999df2af8eb42d56 -> 
  custom:audio-encoder-webm-vorbis: bf7c407c2cedff20999df2af8eb42d56 -> 
========================================================================
Received Prepare
Registering precompiled user dll's ...
Registered in 0.005750 seconds.
Begin MonoManager ReloadAssembly
Native extension for WindowsStandalone target not found
Refreshing native plugins compatible for Editor in 0.63 ms, found 2 plugins.
Preloading 0 native plugins for Editor in 0.00 ms.
Mono: successfully reloaded assembly
- Completed reload, in  1.546 seconds
Domain Reload Profiling:
	ReloadAssembly (1546ms)
		BeginReloadAssembly (218ms)
			ExecutionOrderSort (0ms)
			DisableScriptedObjects (11ms)
			BackupInstance (0ms)
			ReleaseScriptingObjects (0ms)
			CreateAndSetChildDomain (61ms)
		EndReloadAssembly (1197ms)
			LoadAssemblies (169ms)
			RebuildTransferFunctionScriptingTraits (0ms)
			SetupTypeCache (419ms)
			ReleaseScriptCaches (2ms)
			RebuildScriptCaches (58ms)
			SetupLoadedEditorAssemblies (439ms)
				LogAssemblyErrors (0ms)
				InitializePlatformSupportModulesInManaged (9ms)
				SetLoadedEditorAssemblies (1ms)
				RefreshPlugins (1ms)
				BeforeProcessingInitializeOnLoad (82ms)
				ProcessInitializeOnLoadAttributes (322ms)
				ProcessInitializeOnLoadMethodAttributes (21ms)
				AfterProcessingInitializeOnLoad (2ms)
				EditorAssembliesLoaded (0ms)
			ExecutionOrderSort2 (0ms)
			AwakeInstancesAfterBackupRestoration (5ms)
Platform modules already initialized, skipping
Refreshing native plugins compatible for Editor in 0.53 ms, found 2 plugins.
Preloading 0 native plugins for Editor in 0.00 ms.
Unloading 1519 Unused Serialized files (Serialized files now loaded: 0)
System memory in use before: 87.8 MB.
System memory in use after: 87.9 MB.

Unloading 12 unused Assets to reduce memory usage. Loaded Objects now: 1998.
Total: 4.336700 ms (FindLiveObjects: 0.223500 ms CreateObjectMapping: 0.060600 ms MarkObjects: 3.939100 ms  DeleteObjects: 0.111300 ms)

AssetImportParameters requested are different than current active one (requested -> active):
  custom:framework-win-MediaFoundation: 216162199b28c13a410421893ffa2e32 -> 
  custom:video-decoder-ogg-theora: a1e56fd34408186e4bbccfd4996cb3dc -> 
  custom:container-muxer-webm: aa71ff27fc2769a1b78a27578f13a17b -> 
  custom:container-demuxer-webm: 4f35f7cbe854078d1ac9338744f61a02 -> 
  custom:container-demuxer-ogg: 62fdf1f143b41e24485cea50d1cbac27 -> 
  custom:video-encoder-webm-vp8: eb34c28f22e8b96e1ab97ce403110664 -> 
  custom:video-decoder-webm-vp8: 9c59270c3fd7afecdb556c50c9e8de78 -> 
  custom:audio-decoder-ogg-vorbis: bf7c407c2cedff20999df2af8eb42d56 -> 
  custom:audio-encoder-webm-vorbis: bf7c407c2cedff20999df2af8eb42d56 -> 
========================================================================
Received Prepare
Registering precompiled user dll's ...
Registered in 0.003416 seconds.
Begin MonoManager ReloadAssembly
Native extension for WindowsStandalone target not found
Refreshing native plugins compatible for Editor in 0.46 ms, found 2 plugins.
Preloading 0 native plugins for Editor in 0.00 ms.
Mono: successfully reloaded assembly
- Completed reload, in  1.366 seconds
Domain Reload Profiling:
	ReloadAssembly (1367ms)
		BeginReloadAssembly (168ms)
			ExecutionOrderSort (0ms)
			DisableScriptedObjects (7ms)
			BackupInstance (0ms)
			ReleaseScriptingObjects (0ms)
			CreateAndSetChildDomain (45ms)
		EndReloadAssembly (1118ms)
			LoadAssemblies (151ms)
			RebuildTransferFunctionScriptingTraits (0ms)
			SetupTypeCache (392ms)
			ReleaseScriptCaches (1ms)
			RebuildScriptCaches (59ms)
			SetupLoadedEditorAssemblies (404ms)
				LogAssemblyErrors (0ms)
				InitializePlatformSupportModulesInManaged (5ms)
				SetLoadedEditorAssemblies (1ms)
				RefreshPlugins (1ms)
				BeforeProcessingInitializeOnLoad (65ms)
				ProcessInitializeOnLoadAttributes (306ms)
				ProcessInitializeOnLoadMethodAttributes (24ms)
				AfterProcessingInitializeOnLoad (2ms)
				EditorAssembliesLoaded (0ms)
			ExecutionOrderSort2 (0ms)
			AwakeInstancesAfterBackupRestoration (3ms)
Platform modules already initialized, skipping
Refreshing native plugins compatible for Editor in 0.46 ms, found 2 plugins.
Preloading 0 native plugins for Editor in 0.00 ms.
Unloading 1520 Unused Serialized files (Serialized files now loaded: 0)
System memory in use before: 87.9 MB.
System memory in use after: 87.9 MB.

Unloading 12 unused Assets to reduce memory usage. Loaded Objects now: 2002.
Total: 4.164600 ms (FindLiveObjects: 0.221900 ms CreateObjectMapping: 0.062200 ms MarkObjects: 3.780800 ms  DeleteObjects: 0.098100 ms)

AssetImportParameters requested are different than current active one (requested -> active):
  custom:framework-win-MediaFoundation: 216162199b28c13a410421893ffa2e32 -> 
  custom:video-decoder-ogg-theora: a1e56fd34408186e4bbccfd4996cb3dc -> 
  custom:container-muxer-webm: aa71ff27fc2769a1b78a27578f13a17b -> 
  custom:container-demuxer-webm: 4f35f7cbe854078d1ac9338744f61a02 -> 
  custom:container-demuxer-ogg: 62fdf1f143b41e24485cea50d1cbac27 -> 
  custom:video-encoder-webm-vp8: eb34c28f22e8b96e1ab97ce403110664 -> 
  custom:video-decoder-webm-vp8: 9c59270c3fd7afecdb556c50c9e8de78 -> 
  custom:audio-decoder-ogg-vorbis: bf7c407c2cedff20999df2af8eb42d56 -> 
  custom:audio-encoder-webm-vorbis: bf7c407c2cedff20999df2af8eb42d56 -> 
========================================================================
Received Prepare
Registering precompiled user dll's ...
Registered in 0.003162 seconds.
Begin MonoManager ReloadAssembly
Native extension for WindowsStandalone target not found
Refreshing native plugins compatible for Editor in 0.59 ms, found 2 plugins.
Preloading 0 native plugins for Editor in 0.00 ms.
Mono: successfully reloaded assembly
- Completed reload, in  1.445 seconds
Domain Reload Profiling:
	ReloadAssembly (1446ms)
		BeginReloadAssembly (175ms)
			ExecutionOrderSort (0ms)
			DisableScriptedObjects (9ms)
			BackupInstance (0ms)
			ReleaseScriptingObjects (0ms)
			CreateAndSetChildDomain (46ms)
		EndReloadAssembly (1180ms)
			LoadAssemblies (180ms)
			RebuildTransferFunctionScriptingTraits (0ms)
			SetupTypeCache (372ms)
			ReleaseScriptCaches (1ms)
			RebuildScriptCaches (58ms)
			SetupLoadedEditorAssemblies (429ms)
				LogAssemblyErrors (0ms)
				InitializePlatformSupportModulesInManaged (7ms)
				SetLoadedEditorAssemblies (1ms)
				RefreshPlugins (1ms)
				BeforeProcessingInitializeOnLoad (78ms)
				ProcessInitializeOnLoadAttributes (319ms)
				ProcessInitializeOnLoadMethodAttributes (20ms)
				AfterProcessingInitializeOnLoad (3ms)
				EditorAssembliesLoaded (0ms)
			ExecutionOrderSort2 (0ms)
			AwakeInstancesAfterBackupRestoration (3ms)
Platform modules already initialized, skipping
Refreshing native plugins compatible for Editor in 0.61 ms, found 2 plugins.
Preloading 0 native plugins for Editor in 0.00 ms.
Unloading 1520 Unused Serialized files (Serialized files now loaded: 0)
System memory in use before: 87.9 MB.
System memory in use after: 87.9 MB.

Unloading 12 unused Assets to reduce memory usage. Loaded Objects now: 2005.
Total: 3.478800 ms (FindLiveObjects: 0.205500 ms CreateObjectMapping: 0.062800 ms MarkObjects: 3.123600 ms  DeleteObjects: 0.085700 ms)

AssetImportParameters requested are different than current active one (requested -> active):
  custom:framework-win-MediaFoundation: 216162199b28c13a410421893ffa2e32 -> 
  custom:video-decoder-ogg-theora: a1e56fd34408186e4bbccfd4996cb3dc -> 
  custom:container-muxer-webm: aa71ff27fc2769a1b78a27578f13a17b -> 
  custom:container-demuxer-webm: 4f35f7cbe854078d1ac9338744f61a02 -> 
  custom:container-demuxer-ogg: 62fdf1f143b41e24485cea50d1cbac27 -> 
  custom:video-encoder-webm-vp8: eb34c28f22e8b96e1ab97ce403110664 -> 
  custom:video-decoder-webm-vp8: 9c59270c3fd7afecdb556c50c9e8de78 -> 
  custom:audio-decoder-ogg-vorbis: bf7c407c2cedff20999df2af8eb42d56 -> 
  custom:audio-encoder-webm-vorbis: bf7c407c2cedff20999df2af8eb42d56 -> 
========================================================================
Received Import Request.
  Time since last request: 675.631966 seconds.
  path: Assets/scripts/SpawnManager.cs
  artifactKey: Guid(42990da32a4a6394ebffc3a23609e21b) Importer(815301076,1909f56bfc062723c751e8b465ee728b)
Start importing Assets/scripts/SpawnManager.cs using Guid(42990da32a4a6394ebffc3a23609e21b) Importer(815301076,1909f56bfc062723c751e8b465ee728b)  -> (artifact id: '43f6a176a4a524e825df62ca5bfcd557') in 0.032195 seconds 
========================================================================
Received Prepare
Registering precompiled user dll's ...
Registered in 0.004883 seconds.
Begin MonoManager ReloadAssembly
Native extension for WindowsStandalone target not found
Refreshing native plugins compatible for Editor in 0.90 ms, found 2 plugins.
Preloading 0 native plugins for Editor in 0.00 ms.
Mono: successfully reloaded assembly
- Completed reload, in  2.624 seconds
Domain Reload Profiling:
	ReloadAssembly (2625ms)
		BeginReloadAssembly (439ms)
			ExecutionOrderSort (0ms)
			DisableScriptedObjects (11ms)
			BackupInstance (0ms)
			ReleaseScriptingObjects (0ms)
			CreateAndSetChildDomain (90ms)
		EndReloadAssembly (2068ms)
			LoadAssemblies (369ms)
			RebuildTransferFunctionScriptingTraits (0ms)
			SetupTypeCache (725ms)
			ReleaseScriptCaches (2ms)
			RebuildScriptCaches (120ms)
			SetupLoadedEditorAssemblies (863ms)
				LogAssemblyErrors (0ms)
				InitializePlatformSupportModulesInManaged (11ms)
				SetLoadedEditorAssemblies (1ms)
				RefreshPlugins (1ms)
				BeforeProcessingInitializeOnLoad (100ms)
				ProcessInitializeOnLoadAttributes (709ms)
				ProcessInitializeOnLoadMethodAttributes (34ms)
				AfterProcessingInitializeOnLoad (6ms)
				EditorAssembliesLoaded (1ms)
			ExecutionOrderSort2 (0ms)
			AwakeInstancesAfterBackupRestoration (4ms)
Platform modules already initialized, skipping
Refreshing native plugins compatible for Editor in 0.88 ms, found 2 plugins.
Preloading 0 native plugins for Editor in 0.00 ms.
Unloading 1520 Unused Serialized files (Serialized files now loaded: 0)
System memory in use before: 87.9 MB.
System memory in use after: 87.9 MB.

Unloading 12 unused Assets to reduce memory usage. Loaded Objects now: 2008.
Total: 5.975300 ms (FindLiveObjects: 0.370500 ms CreateObjectMapping: 0.099300 ms MarkObjects: 5.317600 ms  DeleteObjects: 0.185000 ms)

AssetImportParameters requested are different than current active one (requested -> active):
  custom:framework-win-MediaFoundation: 216162199b28c13a410421893ffa2e32 -> 
  custom:video-decoder-ogg-theora: a1e56fd34408186e4bbccfd4996cb3dc -> 
  custom:container-muxer-webm: aa71ff27fc2769a1b78a27578f13a17b -> 
  custom:container-demuxer-webm: 4f35f7cbe854078d1ac9338744f61a02 -> 
  custom:container-demuxer-ogg: 62fdf1f143b41e24485cea50d1cbac27 -> 
  custom:video-encoder-webm-vp8: eb34c28f22e8b96e1ab97ce403110664 -> 
  custom:video-decoder-webm-vp8: 9c59270c3fd7afecdb556c50c9e8de78 -> 
  custom:audio-decoder-ogg-vorbis: bf7c407c2cedff20999df2af8eb42d56 -> 
  custom:audio-encoder-webm-vorbis: bf7c407c2cedff20999df2af8eb42d56 -> 
========================================================================
Received Import Request.
  Time since last request: 205.343135 seconds.
  path: Assets/scripts/SpawnManager.cs
  artifactKey: Guid(42990da32a4a6394ebffc3a23609e21b) Importer(815301076,1909f56bfc062723c751e8b465ee728b)
Start importing Assets/scripts/SpawnManager.cs using Guid(42990da32a4a6394ebffc3a23609e21b) Importer(815301076,1909f56bfc062723c751e8b465ee728b)  -> (artifact id: '8959a750fede15086b8f136422ba9de0') in 0.015236 seconds 
========================================================================
Received Prepare
Registering precompiled user dll's ...
Registered in 0.007928 seconds.
Begin MonoManager ReloadAssembly
Native extension for WindowsStandalone target not found
Refreshing native plugins compatible for Editor in 1.31 ms, found 2 plugins.
Preloading 0 native plugins for Editor in 0.00 ms.
Mono: successfully reloaded assembly
- Completed reload, in  2.147 seconds
Domain Reload Profiling:
	ReloadAssembly (2148ms)
		BeginReloadAssembly (272ms)
			ExecutionOrderSort (0ms)
			DisableScriptedObjects (9ms)
			BackupInstance (0ms)
			ReleaseScriptingObjects (0ms)
			CreateAndSetChildDomain (83ms)
		EndReloadAssembly (1758ms)
			LoadAssemblies (323ms)
			RebuildTransferFunctionScriptingTraits (0ms)
			SetupTypeCache (646ms)
			ReleaseScriptCaches (2ms)
			RebuildScriptCaches (79ms)
			SetupLoadedEditorAssemblies (566ms)
				LogAssemblyErrors (0ms)
				InitializePlatformSupportModulesInManaged (9ms)
				SetLoadedEditorAssemblies (1ms)
				RefreshPlugins (2ms)
				BeforeProcessingInitializeOnLoad (97ms)
				ProcessInitializeOnLoadAttributes (424ms)
				ProcessInitializeOnLoadMethodAttributes (30ms)
				AfterProcessingInitializeOnLoad (4ms)
				EditorAssembliesLoaded (1ms)
			ExecutionOrderSort2 (0ms)
			AwakeInstancesAfterBackupRestoration (4ms)
Platform modules already initialized, skipping
Refreshing native plugins compatible for Editor in 0.88 ms, found 2 plugins.
Preloading 0 native plugins for Editor in 0.00 ms.
Unloading 1520 Unused Serialized files (Serialized files now loaded: 0)
System memory in use before: 87.9 MB.
System memory in use after: 88.0 MB.

Unloading 12 unused Assets to reduce memory usage. Loaded Objects now: 2011.
Total: 6.670800 ms (FindLiveObjects: 0.605900 ms CreateObjectMapping: 0.211400 ms MarkObjects: 5.675700 ms  DeleteObjects: 0.175000 ms)

AssetImportParameters requested are different than current active one (requested -> active):
  custom:framework-win-MediaFoundation: 216162199b28c13a410421893ffa2e32 -> 
  custom:video-decoder-ogg-theora: a1e56fd34408186e4bbccfd4996cb3dc -> 
  custom:container-muxer-webm: aa71ff27fc2769a1b78a27578f13a17b -> 
  custom:container-demuxer-webm: 4f35f7cbe854078d1ac9338744f61a02 -> 
  custom:container-demuxer-ogg: 62fdf1f143b41e24485cea50d1cbac27 -> 
  custom:video-encoder-webm-vp8: eb34c28f22e8b96e1ab97ce403110664 -> 
  custom:video-decoder-webm-vp8: 9c59270c3fd7afecdb556c50c9e8de78 -> 
  custom:audio-decoder-ogg-vorbis: bf7c407c2cedff20999df2af8eb42d56 -> 
  custom:audio-encoder-webm-vorbis: bf7c407c2cedff20999df2af8eb42d56 -> 
========================================================================
Received Import Request.
  Time since last request: 166.776372 seconds.
  path: Assets/scripts/SpawnManager.cs
  artifactKey: Guid(42990da32a4a6394ebffc3a23609e21b) Importer(815301076,1909f56bfc062723c751e8b465ee728b)
Start importing Assets/scripts/SpawnManager.cs using Guid(42990da32a4a6394ebffc3a23609e21b) Importer(815301076,1909f56bfc062723c751e8b465ee728b)  -> (artifact id: 'cfa207ae67c7db2fd0e17b2f70965be6') in 0.013219 seconds 
========================================================================
Received Import Request.
  Time since last request: 60.689313 seconds.
  path: Assets/scripts/DestroyOutOfBounds.cs
  artifactKey: Guid(f2d36eab78abb714c9d01d234a0bf5fe) Importer(815301076,1909f56bfc062723c751e8b465ee728b)
Start importing Assets/scripts/DestroyOutOfBounds.cs using Guid(f2d36eab78abb714c9d01d234a0bf5fe) Importer(815301076,1909f56bfc062723c751e8b465ee728b)  -> (artifact id: '63266d3eb643398621466f4bf86cb925') in 0.019102 seconds 
========================================================================
Received Prepare
Registering precompiled user dll's ...
Registered in 0.005075 seconds.
Begin MonoManager ReloadAssembly
Native extension for WindowsStandalone target not found
Refreshing native plugins compatible for Editor in 1.06 ms, found 2 plugins.
Preloading 0 native plugins for Editor in 0.00 ms.
Mono: successfully reloaded assembly
- Completed reload, in  2.829 seconds
Domain Reload Profiling:
	ReloadAssembly (2830ms)
		BeginReloadAssembly (234ms)
			ExecutionOrderSort (0ms)
			DisableScriptedObjects (9ms)
			BackupInstance (0ms)
			ReleaseScriptingObjects (0ms)
			CreateAndSetChildDomain (68ms)
		EndReloadAssembly (2467ms)
			LoadAssemblies (205ms)
			RebuildTransferFunctionScriptingTraits (0ms)
			SetupTypeCache (567ms)
			ReleaseScriptCaches (2ms)
			RebuildScriptCaches (81ms)
			SetupLoadedEditorAssemblies (1282ms)
				LogAssemblyErrors (0ms)
				InitializePlatformSupportModulesInManaged (29ms)
				SetLoadedEditorAssemblies (1ms)
				RefreshPlugins (1ms)
				BeforeProcessingInitializeOnLoad (147ms)
				ProcessInitializeOnLoadAttributes (1055ms)
				ProcessInitializeOnLoadMethodAttributes (42ms)
				AfterProcessingInitializeOnLoad (5ms)
				EditorAssembliesLoaded (1ms)
			ExecutionOrderSort2 (0ms)
			AwakeInstancesAfterBackupRestoration (5ms)
Platform modules already initialized, skipping
Refreshing native plugins compatible for Editor in 0.90 ms, found 2 plugins.
Preloading 0 native plugins for Editor in 0.00 ms.
Unloading 1520 Unused Serialized files (Serialized files now loaded: 0)
System memory in use before: 87.9 MB.
System memory in use after: 88.0 MB.

Unloading 12 unused Assets to reduce memory usage. Loaded Objects now: 2014.
Total: 6.881800 ms (FindLiveObjects: 0.388600 ms CreateObjectMapping: 0.068700 ms MarkObjects: 6.245200 ms  DeleteObjects: 0.176800 ms)

AssetImportParameters requested are different than current active one (requested -> active):
  custom:framework-win-MediaFoundation: 216162199b28c13a410421893ffa2e32 -> 
  custom:video-decoder-ogg-theora: a1e56fd34408186e4bbccfd4996cb3dc -> 
  custom:container-muxer-webm: aa71ff27fc2769a1b78a27578f13a17b -> 
  custom:container-demuxer-webm: 4f35f7cbe854078d1ac9338744f61a02 -> 
  custom:container-demuxer-ogg: 62fdf1f143b41e24485cea50d1cbac27 -> 
  custom:video-encoder-webm-vp8: eb34c28f22e8b96e1ab97ce403110664 -> 
  custom:video-decoder-webm-vp8: 9c59270c3fd7afecdb556c50c9e8de78 -> 
  custom:audio-decoder-ogg-vorbis: bf7c407c2cedff20999df2af8eb42d56 -> 
  custom:audio-encoder-webm-vorbis: bf7c407c2cedff20999df2af8eb42d56 -> 
========================================================================
Received Prepare
Registering precompiled user dll's ...
Registered in 0.005479 seconds.
Begin MonoManager ReloadAssembly
Native extension for WindowsStandalone target not found
Refreshing native plugins compatible for Editor in 0.87 ms, found 2 plugins.
Preloading 0 native plugins for Editor in 0.00 ms.
Mono: successfully reloaded assembly
- Completed reload, in  2.085 seconds
Domain Reload Profiling:
	ReloadAssembly (2087ms)
		BeginReloadAssembly (334ms)
			ExecutionOrderSort (0ms)
			DisableScriptedObjects (9ms)
			BackupInstance (0ms)
			ReleaseScriptingObjects (0ms)
			CreateAndSetChildDomain (89ms)
		EndReloadAssembly (1627ms)
			LoadAssemblies (276ms)
			RebuildTransferFunctionScriptingTraits (0ms)
			SetupTypeCache (603ms)
			ReleaseScriptCaches (2ms)
			RebuildScriptCaches (82ms)
			SetupLoadedEditorAssemblies (564ms)
				LogAssemblyErrors (0ms)
				InitializePlatformSupportModulesInManaged (10ms)
				SetLoadedEditorAssemblies (1ms)
				RefreshPlugins (1ms)
				BeforeProcessingInitializeOnLoad (96ms)
				ProcessInitializeOnLoadAttributes (414ms)
				ProcessInitializeOnLoadMethodAttributes (38ms)
				AfterProcessingInitializeOnLoad (3ms)
				EditorAssembliesLoaded (0ms)
			ExecutionOrderSort2 (0ms)
			AwakeInstancesAfterBackupRestoration (5ms)
Platform modules already initialized, skipping
Refreshing native plugins compatible for Editor in 0.84 ms, found 2 plugins.
Preloading 0 native plugins for Editor in 0.00 ms.
Unloading 1520 Unused Serialized files (Serialized files now loaded: 0)
System memory in use before: 87.9 MB.
System memory in use after: 88.0 MB.

Unloading 12 unused Assets to reduce memory usage. Loaded Objects now: 2017.
Total: 6.247800 ms (FindLiveObjects: 0.481100 ms CreateObjectMapping: 0.078000 ms MarkObjects: 5.502700 ms  DeleteObjects: 0.182600 ms)

AssetImportParameters requested are different than current active one (requested -> active):
  custom:framework-win-MediaFoundation: 216162199b28c13a410421893ffa2e32 -> 
  custom:video-decoder-ogg-theora: a1e56fd34408186e4bbccfd4996cb3dc -> 
  custom:container-muxer-webm: aa71ff27fc2769a1b78a27578f13a17b -> 
  custom:container-demuxer-webm: 4f35f7cbe854078d1ac9338744f61a02 -> 
  custom:container-demuxer-ogg: 62fdf1f143b41e24485cea50d1cbac27 -> 
  custom:video-encoder-webm-vp8: eb34c28f22e8b96e1ab97ce403110664 -> 
  custom:video-decoder-webm-vp8: 9c59270c3fd7afecdb556c50c9e8de78 -> 
  custom:audio-decoder-ogg-vorbis: bf7c407c2cedff20999df2af8eb42d56 -> 
  custom:audio-encoder-webm-vorbis: bf7c407c2cedff20999df2af8eb42d56 -> 
========================================================================
Received Prepare
Registering precompiled user dll's ...
Registered in 0.004956 seconds.
Begin MonoManager ReloadAssembly
Native extension for WindowsStandalone target not found
Refreshing native plugins compatible for Editor in 0.89 ms, found 2 plugins.
Preloading 0 native plugins for Editor in 0.00 ms.
Mono: successfully reloaded assembly
- Completed reload, in  1.974 seconds
Domain Reload Profiling:
	ReloadAssembly (1975ms)
		BeginReloadAssembly (271ms)
			ExecutionOrderSort (0ms)
			DisableScriptedObjects (16ms)
			BackupInstance (0ms)
			ReleaseScriptingObjects (0ms)
			CreateAndSetChildDomain (76ms)
		EndReloadAssembly (1584ms)
			LoadAssemblies (232ms)
			RebuildTransferFunctionScriptingTraits (0ms)
			SetupTypeCache (583ms)
			ReleaseScriptCaches (2ms)
			RebuildScriptCaches (81ms)
			SetupLoadedEditorAssemblies (568ms)
				LogAssemblyErrors (0ms)
				InitializePlatformSupportModulesInManaged (10ms)
				SetLoadedEditorAssemblies (1ms)
				RefreshPlugins (1ms)
				BeforeProcessingInitializeOnLoad (103ms)
				ProcessInitializeOnLoadAttributes (414ms)
				ProcessInitializeOnLoadMethodAttributes (34ms)
				AfterProcessingInitializeOnLoad (4ms)
				EditorAssembliesLoaded (1ms)
			ExecutionOrderSort2 (0ms)
			AwakeInstancesAfterBackupRestoration (4ms)
Platform modules already initialized, skipping
Refreshing native plugins compatible for Editor in 0.78 ms, found 2 plugins.
Preloading 0 native plugins for Editor in 0.00 ms.
Unloading 1520 Unused Serialized files (Serialized files now loaded: 0)
System memory in use before: 87.9 MB.
System memory in use after: 88.0 MB.

Unloading 12 unused Assets to reduce memory usage. Loaded Objects now: 2020.
Total: 6.950400 ms (FindLiveObjects: 0.404000 ms CreateObjectMapping: 0.120200 ms MarkObjects: 6.207300 ms  DeleteObjects: 0.214800 ms)

AssetImportParameters requested are different than current active one (requested -> active):
  custom:framework-win-MediaFoundation: 216162199b28c13a410421893ffa2e32 -> 
  custom:video-decoder-ogg-theora: a1e56fd34408186e4bbccfd4996cb3dc -> 
  custom:container-muxer-webm: aa71ff27fc2769a1b78a27578f13a17b -> 
  custom:container-demuxer-webm: 4f35f7cbe854078d1ac9338744f61a02 -> 
  custom:container-demuxer-ogg: 62fdf1f143b41e24485cea50d1cbac27 -> 
  custom:video-encoder-webm-vp8: eb34c28f22e8b96e1ab97ce403110664 -> 
  custom:video-decoder-webm-vp8: 9c59270c3fd7afecdb556c50c9e8de78 -> 
  custom:audio-decoder-ogg-vorbis: bf7c407c2cedff20999df2af8eb42d56 -> 
  custom:audio-encoder-webm-vorbis: bf7c407c2cedff20999df2af8eb42d56 -> 
========================================================================
Received Prepare
Registering precompiled user dll's ...
Registered in 0.015119 seconds.
Begin MonoManager ReloadAssembly
Native extension for WindowsStandalone target not found
Refreshing native plugins compatible for Editor in 0.85 ms, found 2 plugins.
Preloading 0 native plugins for Editor in 0.00 ms.
Mono: successfully reloaded assembly
- Completed reload, in  2.767 seconds
Domain Reload Profiling:
	ReloadAssembly (2769ms)
		BeginReloadAssembly (263ms)
			ExecutionOrderSort (0ms)
			DisableScriptedObjects (12ms)
			BackupInstance (0ms)
			ReleaseScriptingObjects (2ms)
			CreateAndSetChildDomain (68ms)
		EndReloadAssembly (2377ms)
			LoadAssemblies (222ms)
			RebuildTransferFunctionScriptingTraits (0ms)
			SetupTypeCache (856ms)
			ReleaseScriptCaches (2ms)
			RebuildScriptCaches (81ms)
			SetupLoadedEditorAssemblies (721ms)
				LogAssemblyErrors (0ms)
				InitializePlatformSupportModulesInManaged (23ms)
				SetLoadedEditorAssemblies (1ms)
				RefreshPlugins (1ms)
				BeforeProcessingInitializeOnLoad (123ms)
				ProcessInitializeOnLoadAttributes (534ms)
				ProcessInitializeOnLoadMethodAttributes (34ms)
				AfterProcessingInitializeOnLoad (4ms)
				EditorAssembliesLoaded (1ms)
			ExecutionOrderSort2 (0ms)
			AwakeInstancesAfterBackupRestoration (6ms)
Platform modules already initialized, skipping
Refreshing native plugins compatible for Editor in 0.88 ms, found 2 plugins.
Preloading 0 native plugins for Editor in 0.00 ms.
Unloading 1520 Unused Serialized files (Serialized files now loaded: 0)
System memory in use before: 87.9 MB.
System memory in use after: 88.0 MB.

Unloading 12 unused Assets to reduce memory usage. Loaded Objects now: 2023.
Total: 6.487400 ms (FindLiveObjects: 0.457900 ms CreateObjectMapping: 0.328900 ms MarkObjects: 5.509900 ms  DeleteObjects: 0.187700 ms)

AssetImportParameters requested are different than current active one (requested -> active):
  custom:framework-win-MediaFoundation: 216162199b28c13a410421893ffa2e32 -> 
  custom:video-decoder-ogg-theora: a1e56fd34408186e4bbccfd4996cb3dc -> 
  custom:container-muxer-webm: aa71ff27fc2769a1b78a27578f13a17b -> 
  custom:container-demuxer-webm: 4f35f7cbe854078d1ac9338744f61a02 -> 
  custom:container-demuxer-ogg: 62fdf1f143b41e24485cea50d1cbac27 -> 
  custom:video-encoder-webm-vp8: eb34c28f22e8b96e1ab97ce403110664 -> 
  custom:video-decoder-webm-vp8: 9c59270c3fd7afecdb556c50c9e8de78 -> 
  custom:audio-decoder-ogg-vorbis: bf7c407c2cedff20999df2af8eb42d56 -> 
  custom:audio-encoder-webm-vorbis: bf7c407c2cedff20999df2af8eb42d56 -> 
========================================================================
Received Import Request.
  Time since last request: 1074.001195 seconds.
  path: Assets/Prefabs/Burro.prefab
  artifactKey: Guid(cbf2d2cca47c3b54c8c62b5881467c76) Importer(815301076,1909f56bfc062723c751e8b465ee728b)
Start importing Assets/Prefabs/Burro.prefab using Guid(cbf2d2cca47c3b54c8c62b5881467c76) Importer(815301076,1909f56bfc062723c751e8b465ee728b)  -> (artifact id: '728dd8a36f9a7565482ed30a71122893') in 0.255147 seconds 
========================================================================
Received Import Request.
  Time since last request: 0.000767 seconds.
  path: Assets/Prefabs/Pollo.prefab
  artifactKey: Guid(8dfeda1869306c9408f3f1cc37e996db) Importer(815301076,1909f56bfc062723c751e8b465ee728b)
Start importing Assets/Prefabs/Pollo.prefab using Guid(8dfeda1869306c9408f3f1cc37e996db) Importer(815301076,1909f56bfc062723c751e8b465ee728b)  -> (artifact id: '55d1986763fa21d91b9e0b49665a0845') in 0.092242 seconds 
========================================================================
Received Import Request.
  Time since last request: 0.000638 seconds.
  path: Assets/Prefabs/Sandwich.prefab
  artifactKey: Guid(e09f36d6d43aef94c84f7770947cdca5) Importer(815301076,1909f56bfc062723c751e8b465ee728b)
Start importing Assets/Prefabs/Sandwich.prefab using Guid(e09f36d6d43aef94c84f7770947cdca5) Importer(815301076,1909f56bfc062723c751e8b465ee728b)  -> (artifact id: '8923355b9063f8b7f4ced3c80590f38d') in 0.085909 seconds 
========================================================================
Received Import Request.
  Time since last request: 0.000589 seconds.
  path: Assets/Prefabs/Vaca.prefab
  artifactKey: Guid(4e0f05e5b75ce2a408ccef0d0d6627a9) Importer(815301076,1909f56bfc062723c751e8b465ee728b)
Start importing Assets/Prefabs/Vaca.prefab using Guid(4e0f05e5b75ce2a408ccef0d0d6627a9) Importer(815301076,1909f56bfc062723c751e8b465ee728b)  -> (artifact id: '56015b244bfca7b02d9e7453718cb066') in 0.079032 seconds 
========================================================================
Received Import Request.
  Time since last request: 33.926264 seconds.
  path: Assets/Prefabs/Burro.prefab
  artifactKey: Guid(cbf2d2cca47c3b54c8c62b5881467c76) Importer(815301076,1909f56bfc062723c751e8b465ee728b)
Start importing Assets/Prefabs/Burro.prefab using Guid(cbf2d2cca47c3b54c8c62b5881467c76) Importer(815301076,1909f56bfc062723c751e8b465ee728b)  -> (artifact id: '169eb7d7d18bd16881a5eb26930f9714') in 0.049337 seconds 
========================================================================
Received Import Request.
  Time since last request: 7.402721 seconds.
  path: Assets/Prefabs/Burro.prefab
  artifactKey: Guid(cbf2d2cca47c3b54c8c62b5881467c76) Importer(815301076,1909f56bfc062723c751e8b465ee728b)
Start importing Assets/Prefabs/Burro.prefab using Guid(cbf2d2cca47c3b54c8c62b5881467c76) Importer(815301076,1909f56bfc062723c751e8b465ee728b)  -> (artifact id: 'ed3c54a52ee54d01950843b2e05c2ef0') in 0.072097 seconds 
========================================================================
Received Import Request.
  Time since last request: 52.142452 seconds.
  path: Assets/Prefabs/Burro.prefab
  artifactKey: Guid(cbf2d2cca47c3b54c8c62b5881467c76) Importer(815301076,1909f56bfc062723c751e8b465ee728b)
Start importing Assets/Prefabs/Burro.prefab using Guid(cbf2d2cca47c3b54c8c62b5881467c76) Importer(815301076,1909f56bfc062723c751e8b465ee728b)  -> (artifact id: 'e124f125c509ba1263a300353706d995') in 0.047025 seconds 
========================================================================
Received Import Request.
  Time since last request: 2.614424 seconds.
  path: Assets/Prefabs/Burro.prefab
  artifactKey: Guid(cbf2d2cca47c3b54c8c62b5881467c76) Importer(815301076,1909f56bfc062723c751e8b465ee728b)
Start importing Assets/Prefabs/Burro.prefab using Guid(cbf2d2cca47c3b54c8c62b5881467c76) Importer(815301076,1909f56bfc062723c751e8b465ee728b)  -> (artifact id: '0bf9de7811ab7d0f828f694d94104364') in 0.056593 seconds 
========================================================================
Received Import Request.
  Time since last request: 1.996342 seconds.
  path: Assets/Prefabs/Burro.prefab
  artifactKey: Guid(cbf2d2cca47c3b54c8c62b5881467c76) Importer(815301076,1909f56bfc062723c751e8b465ee728b)
Start importing Assets/Prefabs/Burro.prefab using Guid(cbf2d2cca47c3b54c8c62b5881467c76) Importer(815301076,1909f56bfc062723c751e8b465ee728b)  -> (artifact id: '6233386ecb4cd103e5532ee42c113902') in 0.052176 seconds 
========================================================================
Received Import Request.
  Time since last request: 2.619465 seconds.
  path: Assets/Prefabs/Burro.prefab
  artifactKey: Guid(cbf2d2cca47c3b54c8c62b5881467c76) Importer(815301076,1909f56bfc062723c751e8b465ee728b)
Start importing Assets/Prefabs/Burro.prefab using Guid(cbf2d2cca47c3b54c8c62b5881467c76) Importer(815301076,1909f56bfc062723c751e8b465ee728b)  -> (artifact id: '218f6e555558071343bc9dbaa0b6a4e3') in 0.050339 seconds 
========================================================================
Received Import Request.
  Time since last request: 1.165561 seconds.
  path: Assets/Prefabs/Burro.prefab
  artifactKey: Guid(cbf2d2cca47c3b54c8c62b5881467c76) Importer(815301076,1909f56bfc062723c751e8b465ee728b)
Start importing Assets/Prefabs/Burro.prefab using Guid(cbf2d2cca47c3b54c8c62b5881467c76) Importer(815301076,1909f56bfc062723c751e8b465ee728b)  -> (artifact id: '92249f741d412990dc2dc770c9ddec81') in 0.047961 seconds 
========================================================================
Received Import Request.
  Time since last request: 1.790163 seconds.
  path: Assets/Prefabs/Burro.prefab
  artifactKey: Guid(cbf2d2cca47c3b54c8c62b5881467c76) Importer(815301076,1909f56bfc062723c751e8b465ee728b)
Start importing Assets/Prefabs/Burro.prefab using Guid(cbf2d2cca47c3b54c8c62b5881467c76) Importer(815301076,1909f56bfc062723c751e8b465ee728b)  -> (artifact id: '10c8ad1f0ae11fbed4f6e1c002f0e495') in 0.050272 seconds 
========================================================================
Received Import Request.
  Time since last request: 29.314631 seconds.
  path: Assets/Prefabs/Burro.prefab
  artifactKey: Guid(cbf2d2cca47c3b54c8c62b5881467c76) Importer(815301076,1909f56bfc062723c751e8b465ee728b)
Start importing Assets/Prefabs/Burro.prefab using Guid(cbf2d2cca47c3b54c8c62b5881467c76) Importer(815301076,1909f56bfc062723c751e8b465ee728b)  -> (artifact id: 'ad41b7da3fb5293157559849f5fbb65d') in 0.054826 seconds 
========================================================================
Received Import Request.
  Time since last request: 5.231491 seconds.
  path: Assets/Prefabs/Burro.prefab
  artifactKey: Guid(cbf2d2cca47c3b54c8c62b5881467c76) Importer(815301076,1909f56bfc062723c751e8b465ee728b)
Start importing Assets/Prefabs/Burro.prefab using Guid(cbf2d2cca47c3b54c8c62b5881467c76) Importer(815301076,1909f56bfc062723c751e8b465ee728b)  -> (artifact id: '546d15447ef4ed2ea4644794d3c59b9d') in 0.048907 seconds 
========================================================================
Received Import Request.
  Time since last request: 1.380540 seconds.
  path: Assets/Prefabs/Burro.prefab
  artifactKey: Guid(cbf2d2cca47c3b54c8c62b5881467c76) Importer(815301076,1909f56bfc062723c751e8b465ee728b)
Start importing Assets/Prefabs/Burro.prefab using Guid(cbf2d2cca47c3b54c8c62b5881467c76) Importer(815301076,1909f56bfc062723c751e8b465ee728b)  -> (artifact id: 'fc7f933c52231f99180c3412952dcde1') in 0.130399 seconds 
========================================================================
Received Import Request.
  Time since last request: 2.283413 seconds.
  path: Assets/Prefabs/Burro.prefab
  artifactKey: Guid(cbf2d2cca47c3b54c8c62b5881467c76) Importer(815301076,1909f56bfc062723c751e8b465ee728b)
Start importing Assets/Prefabs/Burro.prefab using Guid(cbf2d2cca47c3b54c8c62b5881467c76) Importer(815301076,1909f56bfc062723c751e8b465ee728b)  -> (artifact id: '746d8a990479ef9ebfb2bf8b6e5b3075') in 0.051375 seconds 
========================================================================
Received Import Request.
  Time since last request: 2.214616 seconds.
  path: Assets/Prefabs/Burro.prefab
  artifactKey: Guid(cbf2d2cca47c3b54c8c62b5881467c76) Importer(815301076,1909f56bfc062723c751e8b465ee728b)
Start importing Assets/Prefabs/Burro.prefab using Guid(cbf2d2cca47c3b54c8c62b5881467c76) Importer(815301076,1909f56bfc062723c751e8b465ee728b)  -> (artifact id: 'da5a8c2d5f00b82f7a71c3ab810df8c6') in 0.049023 seconds 
========================================================================
Received Import Request.
  Time since last request: 6.026392 seconds.
  path: Assets/Prefabs/Burro.prefab
  artifactKey: Guid(cbf2d2cca47c3b54c8c62b5881467c76) Importer(815301076,1909f56bfc062723c751e8b465ee728b)
Start importing Assets/Prefabs/Burro.prefab using Guid(cbf2d2cca47c3b54c8c62b5881467c76) Importer(815301076,1909f56bfc062723c751e8b465ee728b)  -> (artifact id: 'f4312e39655477559a709d6b7ba5b184') in 0.045555 seconds 
========================================================================
Received Import Request.
  Time since last request: 5.429090 seconds.
  path: Assets/Prefabs/Pollo.prefab
  artifactKey: Guid(8dfeda1869306c9408f3f1cc37e996db) Importer(815301076,1909f56bfc062723c751e8b465ee728b)
Start importing Assets/Prefabs/Pollo.prefab using Guid(8dfeda1869306c9408f3f1cc37e996db) Importer(815301076,1909f56bfc062723c751e8b465ee728b)  -> (artifact id: '38760e9f5915a091e27e1c0893e33725') in 0.037894 seconds 
========================================================================
Received Import Request.
  Time since last request: 1.824240 seconds.
  path: Assets/Prefabs/Pollo.prefab
  artifactKey: Guid(8dfeda1869306c9408f3f1cc37e996db) Importer(815301076,1909f56bfc062723c751e8b465ee728b)
Start importing Assets/Prefabs/Pollo.prefab using Guid(8dfeda1869306c9408f3f1cc37e996db) Importer(815301076,1909f56bfc062723c751e8b465ee728b)  -> (artifact id: 'be2dca3e06b3b5881696cc80b6498951') in 0.050403 seconds 
========================================================================
Received Import Request.
  Time since last request: 9.347471 seconds.
  path: Assets/Prefabs/Pollo.prefab
  artifactKey: Guid(8dfeda1869306c9408f3f1cc37e996db) Importer(815301076,1909f56bfc062723c751e8b465ee728b)
Start importing Assets/Prefabs/Pollo.prefab using Guid(8dfeda1869306c9408f3f1cc37e996db) Importer(815301076,1909f56bfc062723c751e8b465ee728b)  -> (artifact id: '1b0c51115cc2af26c5866a150367f167') in 0.045895 seconds 
========================================================================
Received Import Request.
  Time since last request: 2.376178 seconds.
  path: Assets/Prefabs/Pollo.prefab
  artifactKey: Guid(8dfeda1869306c9408f3f1cc37e996db) Importer(815301076,1909f56bfc062723c751e8b465ee728b)
Start importing Assets/Prefabs/Pollo.prefab using Guid(8dfeda1869306c9408f3f1cc37e996db) Importer(815301076,1909f56bfc062723c751e8b465ee728b)  -> (artifact id: '7303140a2353a4ef1c1f05298531390a') in 0.039919 seconds 
========================================================================
Received Import Request.
  Time since last request: 2.796446 seconds.
  path: Assets/Prefabs/Pollo.prefab
  artifactKey: Guid(8dfeda1869306c9408f3f1cc37e996db) Importer(815301076,1909f56bfc062723c751e8b465ee728b)
Start importing Assets/Prefabs/Pollo.prefab using Guid(8dfeda1869306c9408f3f1cc37e996db) Importer(815301076,1909f56bfc062723c751e8b465ee728b)  -> (artifact id: 'fec37cfb583a1d2e4854d4b3f4ea0f68') in 0.043222 seconds 
========================================================================
Received Import Request.
  Time since last request: 2.389386 seconds.
  path: Assets/Prefabs/Pollo.prefab
  artifactKey: Guid(8dfeda1869306c9408f3f1cc37e996db) Importer(815301076,1909f56bfc062723c751e8b465ee728b)
Start importing Assets/Prefabs/Pollo.prefab using Guid(8dfeda1869306c9408f3f1cc37e996db) Importer(815301076,1909f56bfc062723c751e8b465ee728b)  -> (artifact id: '7b225724f7a4897cc18404eaae924751') in 0.046062 seconds 
========================================================================
Received Import Request.
  Time since last request: 4.670628 seconds.
  path: Assets/Prefabs/Pollo.prefab
  artifactKey: Guid(8dfeda1869306c9408f3f1cc37e996db) Importer(815301076,1909f56bfc062723c751e8b465ee728b)
Start importing Assets/Prefabs/Pollo.prefab using Guid(8dfeda1869306c9408f3f1cc37e996db) Importer(815301076,1909f56bfc062723c751e8b465ee728b)  -> (artifact id: 'c973da2e59ba24dda1d7f3c17db7d512') in 0.050356 seconds 
========================================================================
Received Import Request.
  Time since last request: 6.355695 seconds.
  path: Assets/Prefabs/Pollo.prefab
  artifactKey: Guid(8dfeda1869306c9408f3f1cc37e996db) Importer(815301076,1909f56bfc062723c751e8b465ee728b)
Start importing Assets/Prefabs/Pollo.prefab using Guid(8dfeda1869306c9408f3f1cc37e996db) Importer(815301076,1909f56bfc062723c751e8b465ee728b)  -> (artifact id: '1bc2100ce4769627372b6c8c7bf22782') in 0.046557 seconds 
========================================================================
Received Import Request.
  Time since last request: 10.096478 seconds.
  path: Assets/Prefabs/Pollo.prefab
  artifactKey: Guid(8dfeda1869306c9408f3f1cc37e996db) Importer(815301076,1909f56bfc062723c751e8b465ee728b)
Start importing Assets/Prefabs/Pollo.prefab using Guid(8dfeda1869306c9408f3f1cc37e996db) Importer(815301076,1909f56bfc062723c751e8b465ee728b)  -> (artifact id: 'b109a9a3c1b1073d68cf3ec51952e021') in 0.041845 seconds 
========================================================================
Received Import Request.
  Time since last request: 2.984109 seconds.
  path: Assets/Prefabs/Pollo.prefab
  artifactKey: Guid(8dfeda1869306c9408f3f1cc37e996db) Importer(815301076,1909f56bfc062723c751e8b465ee728b)
Start importing Assets/Prefabs/Pollo.prefab using Guid(8dfeda1869306c9408f3f1cc37e996db) Importer(815301076,1909f56bfc062723c751e8b465ee728b)  -> (artifact id: '0be4c3dd6f36836a7b4428e92997a0e7') in 0.051144 seconds 
========================================================================
Received Import Request.
  Time since last request: 4.630474 seconds.
  path: Assets/Prefabs/Vaca.prefab
  artifactKey: Guid(4e0f05e5b75ce2a408ccef0d0d6627a9) Importer(815301076,1909f56bfc062723c751e8b465ee728b)
Start importing Assets/Prefabs/Vaca.prefab using Guid(4e0f05e5b75ce2a408ccef0d0d6627a9) Importer(815301076,1909f56bfc062723c751e8b465ee728b)  -> (artifact id: 'a4887c017b7584260dcdf9304762b638') in 0.057605 seconds 
========================================================================
Received Import Request.
  Time since last request: 1.888442 seconds.
  path: Assets/Prefabs/Vaca.prefab
  artifactKey: Guid(4e0f05e5b75ce2a408ccef0d0d6627a9) Importer(815301076,1909f56bfc062723c751e8b465ee728b)
Start importing Assets/Prefabs/Vaca.prefab using Guid(4e0f05e5b75ce2a408ccef0d0d6627a9) Importer(815301076,1909f56bfc062723c751e8b465ee728b)  -> (artifact id: '092d1a21dc7b82016755eb6d3ba91911') in 0.043980 seconds 
========================================================================
Received Import Request.
  Time since last request: 4.476397 seconds.
  path: Assets/Prefabs/Vaca.prefab
  artifactKey: Guid(4e0f05e5b75ce2a408ccef0d0d6627a9) Importer(815301076,1909f56bfc062723c751e8b465ee728b)
Start importing Assets/Prefabs/Vaca.prefab using Guid(4e0f05e5b75ce2a408ccef0d0d6627a9) Importer(815301076,1909f56bfc062723c751e8b465ee728b)  -> (artifact id: '4790dc66df57c1e363bcff781a2b8b8a') in 0.049449 seconds 
========================================================================
Received Import Request.
  Time since last request: 5.688160 seconds.
  path: Assets/Prefabs/Vaca.prefab
  artifactKey: Guid(4e0f05e5b75ce2a408ccef0d0d6627a9) Importer(815301076,1909f56bfc062723c751e8b465ee728b)
Start importing Assets/Prefabs/Vaca.prefab using Guid(4e0f05e5b75ce2a408ccef0d0d6627a9) Importer(815301076,1909f56bfc062723c751e8b465ee728b)  -> (artifact id: 'e9eabeeba0b9705d18ca8c86208f65cc') in 0.050703 seconds 
========================================================================
Received Import Request.
  Time since last request: 2.195625 seconds.
  path: Assets/Prefabs/Vaca.prefab
  artifactKey: Guid(4e0f05e5b75ce2a408ccef0d0d6627a9) Importer(815301076,1909f56bfc062723c751e8b465ee728b)
Start importing Assets/Prefabs/Vaca.prefab using Guid(4e0f05e5b75ce2a408ccef0d0d6627a9) Importer(815301076,1909f56bfc062723c751e8b465ee728b)  -> (artifact id: '99c440c1c572bdd8e4099a25a617a7c7') in 0.053791 seconds 
========================================================================
Received Import Request.
  Time since last request: 4.643586 seconds.
  path: Assets/Prefabs/Vaca.prefab
  artifactKey: Guid(4e0f05e5b75ce2a408ccef0d0d6627a9) Importer(815301076,1909f56bfc062723c751e8b465ee728b)
Start importing Assets/Prefabs/Vaca.prefab using Guid(4e0f05e5b75ce2a408ccef0d0d6627a9) Importer(815301076,1909f56bfc062723c751e8b465ee728b)  -> (artifact id: 'e43770f03e02d2dcad1c6c2bcdee9448') in 0.053173 seconds 
========================================================================
Received Import Request.
  Time since last request: 2.651125 seconds.
  path: Assets/Prefabs/Vaca.prefab
  artifactKey: Guid(4e0f05e5b75ce2a408ccef0d0d6627a9) Importer(815301076,1909f56bfc062723c751e8b465ee728b)
Start importing Assets/Prefabs/Vaca.prefab using Guid(4e0f05e5b75ce2a408ccef0d0d6627a9) Importer(815301076,1909f56bfc062723c751e8b465ee728b)  -> (artifact id: '92278d0fc0658afbb7449a7908e09a09') in 0.055824 seconds 
========================================================================
Received Import Request.
  Time since last request: 4.274268 seconds.
  path: Assets/Prefabs/Vaca.prefab
  artifactKey: Guid(4e0f05e5b75ce2a408ccef0d0d6627a9) Importer(815301076,1909f56bfc062723c751e8b465ee728b)
Start importing Assets/Prefabs/Vaca.prefab using Guid(4e0f05e5b75ce2a408ccef0d0d6627a9) Importer(815301076,1909f56bfc062723c751e8b465ee728b)  -> (artifact id: 'ecf369ae9454da968633f7bee2fb8e78') in 0.049245 seconds 
========================================================================
Received Import Request.
  Time since last request: 2.225088 seconds.
  path: Assets/Prefabs/Vaca.prefab
  artifactKey: Guid(4e0f05e5b75ce2a408ccef0d0d6627a9) Importer(815301076,1909f56bfc062723c751e8b465ee728b)
Start importing Assets/Prefabs/Vaca.prefab using Guid(4e0f05e5b75ce2a408ccef0d0d6627a9) Importer(815301076,1909f56bfc062723c751e8b465ee728b)  -> (artifact id: 'd899b1c801ca686e2e22be2e8d59d97f') in 0.099434 seconds 
========================================================================
Received Import Request.
  Time since last request: 3.753754 seconds.
  path: Assets/Prefabs/Vaca.prefab
  artifactKey: Guid(4e0f05e5b75ce2a408ccef0d0d6627a9) Importer(815301076,1909f56bfc062723c751e8b465ee728b)
Start importing Assets/Prefabs/Vaca.prefab using Guid(4e0f05e5b75ce2a408ccef0d0d6627a9) Importer(815301076,1909f56bfc062723c751e8b465ee728b)  -> (artifact id: '3ee373bcb3c933650b80bc8fdd3b42a7') in 0.052032 seconds 
========================================================================
Received Import Request.
  Time since last request: 1.586834 seconds.
  path: Assets/Prefabs/Vaca.prefab
  artifactKey: Guid(4e0f05e5b75ce2a408ccef0d0d6627a9) Importer(815301076,1909f56bfc062723c751e8b465ee728b)
Start importing Assets/Prefabs/Vaca.prefab using Guid(4e0f05e5b75ce2a408ccef0d0d6627a9) Importer(815301076,1909f56bfc062723c751e8b465ee728b)  -> (artifact id: '83a49e3fe2c2e0826abadbcdea25bd80') in 0.046611 seconds 
========================================================================
Received Import Request.
  Time since last request: 1.998109 seconds.
  path: Assets/Prefabs/Vaca.prefab
  artifactKey: Guid(4e0f05e5b75ce2a408ccef0d0d6627a9) Importer(815301076,1909f56bfc062723c751e8b465ee728b)
Start importing Assets/Prefabs/Vaca.prefab using Guid(4e0f05e5b75ce2a408ccef0d0d6627a9) Importer(815301076,1909f56bfc062723c751e8b465ee728b)  -> (artifact id: 'ec626e0c482dd219dd0510b5a027cd1e') in 0.050286 seconds 
========================================================================
Received Import Request.
  Time since last request: 8.132667 seconds.
  path: Assets/Prefabs/Vaca.prefab
  artifactKey: Guid(4e0f05e5b75ce2a408ccef0d0d6627a9) Importer(815301076,1909f56bfc062723c751e8b465ee728b)
Start importing Assets/Prefabs/Vaca.prefab using Guid(4e0f05e5b75ce2a408ccef0d0d6627a9) Importer(815301076,1909f56bfc062723c751e8b465ee728b)  -> (artifact id: '1fb7ddb1b8079075cea0d0185fb294e8') in 0.054729 seconds 
========================================================================
Received Import Request.
  Time since last request: 3.174508 seconds.
  path: Assets/Prefabs/Vaca.prefab
  artifactKey: Guid(4e0f05e5b75ce2a408ccef0d0d6627a9) Importer(815301076,1909f56bfc062723c751e8b465ee728b)
Start importing Assets/Prefabs/Vaca.prefab using Guid(4e0f05e5b75ce2a408ccef0d0d6627a9) Importer(815301076,1909f56bfc062723c751e8b465ee728b)  -> (artifact id: '62a31c0af850a4d76e1b9360380c6872') in 0.043983 seconds 
========================================================================
Received Import Request.
  Time since last request: 17.692471 seconds.
  path: Assets/Prefabs/Vaca.prefab
  artifactKey: Guid(4e0f05e5b75ce2a408ccef0d0d6627a9) Importer(815301076,1909f56bfc062723c751e8b465ee728b)
Start importing Assets/Prefabs/Vaca.prefab using Guid(4e0f05e5b75ce2a408ccef0d0d6627a9) Importer(815301076,1909f56bfc062723c751e8b465ee728b)  -> (artifact id: 'b5c6a08f28a9256a34933a8660fc0a1b') in 0.053899 seconds 
========================================================================
Received Import Request.
  Time since last request: 3.231310 seconds.
  path: Assets/Prefabs/Vaca.prefab
  artifactKey: Guid(4e0f05e5b75ce2a408ccef0d0d6627a9) Importer(815301076,1909f56bfc062723c751e8b465ee728b)
Start importing Assets/Prefabs/Vaca.prefab using Guid(4e0f05e5b75ce2a408ccef0d0d6627a9) Importer(815301076,1909f56bfc062723c751e8b465ee728b)  -> (artifact id: 'bfc84845a5bdd8079c8c9b283c7bcbbd') in 0.052024 seconds 
========================================================================
Received Import Request.
  Time since last request: 5.639622 seconds.
  path: Assets/Prefabs/Sandwich.prefab
  artifactKey: Guid(e09f36d6d43aef94c84f7770947cdca5) Importer(815301076,1909f56bfc062723c751e8b465ee728b)
Start importing Assets/Prefabs/Sandwich.prefab using Guid(e09f36d6d43aef94c84f7770947cdca5) Importer(815301076,1909f56bfc062723c751e8b465ee728b)  -> (artifact id: '90b7e2be657ce54a232a0bc7ee6c114d') in 0.032657 seconds 
========================================================================
Received Import Request.
  Time since last request: 1.778873 seconds.
  path: Assets/Prefabs/Sandwich.prefab
  artifactKey: Guid(e09f36d6d43aef94c84f7770947cdca5) Importer(815301076,1909f56bfc062723c751e8b465ee728b)
Start importing Assets/Prefabs/Sandwich.prefab using Guid(e09f36d6d43aef94c84f7770947cdca5) Importer(815301076,1909f56bfc062723c751e8b465ee728b)  -> (artifact id: 'c1d2dbd3487f1ab3d96b89a1ce075bb7') in 0.032146 seconds 
========================================================================
Received Import Request.
  Time since last request: 29.643592 seconds.
  path: Assets/Prefabs/Sandwich.prefab
  artifactKey: Guid(e09f36d6d43aef94c84f7770947cdca5) Importer(815301076,1909f56bfc062723c751e8b465ee728b)
Start importing Assets/Prefabs/Sandwich.prefab using Guid(e09f36d6d43aef94c84f7770947cdca5) Importer(815301076,1909f56bfc062723c751e8b465ee728b)  -> (artifact id: '4da7f2eb0971076ca4531ff73c5de3b4') in 0.028829 seconds 
========================================================================
Received Import Request.
  Time since last request: 2.079663 seconds.
  path: Assets/Prefabs/Sandwich.prefab
  artifactKey: Guid(e09f36d6d43aef94c84f7770947cdca5) Importer(815301076,1909f56bfc062723c751e8b465ee728b)
Start importing Assets/Prefabs/Sandwich.prefab using Guid(e09f36d6d43aef94c84f7770947cdca5) Importer(815301076,1909f56bfc062723c751e8b465ee728b)  -> (artifact id: '08b92580f341d093122efd887aa721c9') in 0.038360 seconds 
========================================================================
Received Import Request.
  Time since last request: 28.436929 seconds.
  path: Assets/scripts/DetectCollisions.cs
  artifactKey: Guid(23ca03e66e261e145a7cc0b610f67171) Importer(815301076,1909f56bfc062723c751e8b465ee728b)
Start importing Assets/scripts/DetectCollisions.cs using Guid(23ca03e66e261e145a7cc0b610f67171) Importer(815301076,1909f56bfc062723c751e8b465ee728b)  -> (artifact id: '26fdb8412df1c354b8b98e5c4234c306') in 0.018129 seconds 
========================================================================
Received Import Request.
  Time since last request: 38.206627 seconds.
  path: Assets/scripts/DestroyOutOfBounds.cs
  artifactKey: Guid(f2d36eab78abb714c9d01d234a0bf5fe) Importer(815301076,1909f56bfc062723c751e8b465ee728b)
Start importing Assets/scripts/DestroyOutOfBounds.cs using Guid(f2d36eab78abb714c9d01d234a0bf5fe) Importer(815301076,1909f56bfc062723c751e8b465ee728b)  -> (artifact id: '096af5fbda5a7f34bc815f86393f9aa9') in 0.011609 seconds 
========================================================================
Received Prepare
Registering precompiled user dll's ...
Registered in 0.004972 seconds.
Begin MonoManager ReloadAssembly
Native extension for WindowsStandalone target not found
Refreshing native plugins compatible for Editor in 0.84 ms, found 2 plugins.
Preloading 0 native plugins for Editor in 0.00 ms.
Mono: successfully reloaded assembly
- Completed reload, in  2.383 seconds
Domain Reload Profiling:
	ReloadAssembly (2384ms)
		BeginReloadAssembly (274ms)
			ExecutionOrderSort (0ms)
			DisableScriptedObjects (10ms)
			BackupInstance (0ms)
			ReleaseScriptingObjects (0ms)
			CreateAndSetChildDomain (75ms)
		EndReloadAssembly (1976ms)
			LoadAssemblies (241ms)
			RebuildTransferFunctionScriptingTraits (0ms)
			SetupTypeCache (707ms)
			ReleaseScriptCaches (2ms)
			RebuildScriptCaches (153ms)
			SetupLoadedEditorAssemblies (643ms)
				LogAssemblyErrors (0ms)
				InitializePlatformSupportModulesInManaged (11ms)
				SetLoadedEditorAssemblies (1ms)
				RefreshPlugins (1ms)
				BeforeProcessingInitializeOnLoad (118ms)
				ProcessInitializeOnLoadAttributes (472ms)
				ProcessInitializeOnLoadMethodAttributes (35ms)
				AfterProcessingInitializeOnLoad (3ms)
				EditorAssembliesLoaded (1ms)
			ExecutionOrderSort2 (0ms)
			AwakeInstancesAfterBackupRestoration (4ms)
Platform modules already initialized, skipping
Refreshing native plugins compatible for Editor in 0.93 ms, found 2 plugins.
Preloading 0 native plugins for Editor in 0.00 ms.
Unloading 1521 Unused Serialized files (Serialized files now loaded: 0)
System memory in use before: 88.3 MB.
System memory in use after: 88.4 MB.

Unloading 12 unused Assets to reduce memory usage. Loaded Objects now: 2028.
Total: 8.476400 ms (FindLiveObjects: 0.417300 ms CreateObjectMapping: 0.122300 ms MarkObjects: 7.717100 ms  DeleteObjects: 0.215400 ms)

AssetImportParameters requested are different than current active one (requested -> active):
  custom:framework-win-MediaFoundation: 216162199b28c13a410421893ffa2e32 -> 
  custom:video-decoder-ogg-theora: a1e56fd34408186e4bbccfd4996cb3dc -> 
  custom:container-muxer-webm: aa71ff27fc2769a1b78a27578f13a17b -> 
  custom:container-demuxer-webm: 4f35f7cbe854078d1ac9338744f61a02 -> 
  custom:container-demuxer-ogg: 62fdf1f143b41e24485cea50d1cbac27 -> 
  custom:video-encoder-webm-vp8: eb34c28f22e8b96e1ab97ce403110664 -> 
  custom:video-decoder-webm-vp8: 9c59270c3fd7afecdb556c50c9e8de78 -> 
  custom:audio-decoder-ogg-vorbis: bf7c407c2cedff20999df2af8eb42d56 -> 
  custom:audio-encoder-webm-vorbis: bf7c407c2cedff20999df2af8eb42d56 -> 
========================================================================
Received Import Request.
  Time since last request: 100.788505 seconds.
  path: Assets/Prefabs/Burro.prefab
  artifactKey: Guid(cbf2d2cca47c3b54c8c62b5881467c76) Importer(815301076,1909f56bfc062723c751e8b465ee728b)
Start importing Assets/Prefabs/Burro.prefab using Guid(cbf2d2cca47c3b54c8c62b5881467c76) Importer(815301076,1909f56bfc062723c751e8b465ee728b)  -> (artifact id: '7a868ae31acee03ce958d670c8eb4331') in 0.199387 seconds 
========================================================================
Received Import Request.
  Time since last request: 8.136193 seconds.
  path: Assets/Prefabs/Pollo.prefab
  artifactKey: Guid(8dfeda1869306c9408f3f1cc37e996db) Importer(815301076,1909f56bfc062723c751e8b465ee728b)
Start importing Assets/Prefabs/Pollo.prefab using Guid(8dfeda1869306c9408f3f1cc37e996db) Importer(815301076,1909f56bfc062723c751e8b465ee728b)  -> (artifact id: 'e690a5502140491995b5ac46d08f04be') in 0.044776 seconds 
========================================================================
Received Import Request.
  Time since last request: 3.539282 seconds.
  path: Assets/Prefabs/Vaca.prefab
  artifactKey: Guid(4e0f05e5b75ce2a408ccef0d0d6627a9) Importer(815301076,1909f56bfc062723c751e8b465ee728b)
Start importing Assets/Prefabs/Vaca.prefab using Guid(4e0f05e5b75ce2a408ccef0d0d6627a9) Importer(815301076,1909f56bfc062723c751e8b465ee728b)  -> (artifact id: '79b1646d9e205fc722332be466136d12') in 0.062512 seconds 
========================================================================
Received Prepare
Registering precompiled user dll's ...
Registered in 0.005634 seconds.
Begin MonoManager ReloadAssembly
Native extension for WindowsStandalone target not found
Refreshing native plugins compatible for Editor in 0.95 ms, found 2 plugins.
Preloading 0 native plugins for Editor in 0.00 ms.
Mono: successfully reloaded assembly
- Completed reload, in  2.113 seconds
Domain Reload Profiling:
	ReloadAssembly (2114ms)
		BeginReloadAssembly (271ms)
			ExecutionOrderSort (0ms)
			DisableScriptedObjects (9ms)
			BackupInstance (0ms)
			ReleaseScriptingObjects (0ms)
			CreateAndSetChildDomain (71ms)
		EndReloadAssembly (1721ms)
			LoadAssemblies (254ms)
			RebuildTransferFunctionScriptingTraits (0ms)
			SetupTypeCache (561ms)
			ReleaseScriptCaches (2ms)
			RebuildScriptCaches (89ms)
			SetupLoadedEditorAssemblies (690ms)
				LogAssemblyErrors (0ms)
				InitializePlatformSupportModulesInManaged (11ms)
				SetLoadedEditorAssemblies (1ms)
				RefreshPlugins (1ms)
				BeforeProcessingInitializeOnLoad (108ms)
				ProcessInitializeOnLoadAttributes (526ms)
				ProcessInitializeOnLoadMethodAttributes (37ms)
				AfterProcessingInitializeOnLoad (5ms)
				EditorAssembliesLoaded (1ms)
			ExecutionOrderSort2 (0ms)
			AwakeInstancesAfterBackupRestoration (5ms)
Platform modules already initialized, skipping
Refreshing native plugins compatible for Editor in 1.09 ms, found 2 plugins.
Preloading 0 native plugins for Editor in 0.00 ms.
Unloading 1521 Unused Serialized files (Serialized files now loaded: 0)
System memory in use before: 88.3 MB.
System memory in use after: 88.4 MB.

Unloading 12 unused Assets to reduce memory usage. Loaded Objects now: 2032.
Total: 7.679200 ms (FindLiveObjects: 0.587100 ms CreateObjectMapping: 0.135300 ms MarkObjects: 6.770600 ms  DeleteObjects: 0.182400 ms)

AssetImportParameters requested are different than current active one (requested -> active):
  custom:framework-win-MediaFoundation: 216162199b28c13a410421893ffa2e32 -> 
  custom:video-decoder-ogg-theora: a1e56fd34408186e4bbccfd4996cb3dc -> 
  custom:container-muxer-webm: aa71ff27fc2769a1b78a27578f13a17b -> 
  custom:container-demuxer-webm: 4f35f7cbe854078d1ac9338744f61a02 -> 
  custom:container-demuxer-ogg: 62fdf1f143b41e24485cea50d1cbac27 -> 
  custom:video-encoder-webm-vp8: eb34c28f22e8b96e1ab97ce403110664 -> 
  custom:video-decoder-webm-vp8: 9c59270c3fd7afecdb556c50c9e8de78 -> 
  custom:audio-decoder-ogg-vorbis: bf7c407c2cedff20999df2af8eb42d56 -> 
  custom:audio-encoder-webm-vorbis: bf7c407c2cedff20999df2af8eb42d56 -> 
========================================================================
Received Prepare
Registering precompiled user dll's ...
Registered in 0.012452 seconds.
Begin MonoManager ReloadAssembly
Native extension for WindowsStandalone target not found
Refreshing native plugins compatible for Editor in 0.89 ms, found 2 plugins.
Preloading 0 native plugins for Editor in 0.00 ms.
Mono: successfully reloaded assembly
- Completed reload, in  1.920 seconds
Domain Reload Profiling:
	ReloadAssembly (1921ms)
		BeginReloadAssembly (238ms)
			ExecutionOrderSort (0ms)
			DisableScriptedObjects (10ms)
			BackupInstance (0ms)
			ReleaseScriptingObjects (0ms)
			CreateAndSetChildDomain (64ms)
		EndReloadAssembly (1570ms)
			LoadAssemblies (206ms)
			RebuildTransferFunctionScriptingTraits (0ms)
			SetupTypeCache (529ms)
			ReleaseScriptCaches (2ms)
			RebuildScriptCaches (87ms)
			SetupLoadedEditorAssemblies (595ms)
				LogAssemblyErrors (0ms)
				InitializePlatformSupportModulesInManaged (8ms)
				SetLoadedEditorAssemblies (1ms)
				RefreshPlugins (1ms)
				BeforeProcessingInitializeOnLoad (95ms)
				ProcessInitializeOnLoadAttributes (454ms)
				ProcessInitializeOnLoadMethodAttributes (31ms)
				AfterProcessingInitializeOnLoad (3ms)
				EditorAssembliesLoaded (1ms)
			ExecutionOrderSort2 (0ms)
			AwakeInstancesAfterBackupRestoration (7ms)
Platform modules already initialized, skipping
Refreshing native plugins compatible for Editor in 0.86 ms, found 2 plugins.
Preloading 0 native plugins for Editor in 0.00 ms.
Unloading 1521 Unused Serialized files (Serialized files now loaded: 0)
System memory in use before: 88.3 MB.
System memory in use after: 88.4 MB.

Unloading 12 unused Assets to reduce memory usage. Loaded Objects now: 2035.
Total: 6.144900 ms (FindLiveObjects: 0.432500 ms CreateObjectMapping: 0.072800 ms MarkObjects: 5.453300 ms  DeleteObjects: 0.182200 ms)

AssetImportParameters requested are different than current active one (requested -> active):
  custom:framework-win-MediaFoundation: 216162199b28c13a410421893ffa2e32 -> 
  custom:video-decoder-ogg-theora: a1e56fd34408186e4bbccfd4996cb3dc -> 
  custom:container-muxer-webm: aa71ff27fc2769a1b78a27578f13a17b -> 
  custom:container-demuxer-webm: 4f35f7cbe854078d1ac9338744f61a02 -> 
  custom:container-demuxer-ogg: 62fdf1f143b41e24485cea50d1cbac27 -> 
  custom:video-encoder-webm-vp8: eb34c28f22e8b96e1ab97ce403110664 -> 
  custom:video-decoder-webm-vp8: 9c59270c3fd7afecdb556c50c9e8de78 -> 
  custom:audio-decoder-ogg-vorbis: bf7c407c2cedff20999df2af8eb42d56 -> 
  custom:audio-encoder-webm-vorbis: bf7c407c2cedff20999df2af8eb42d56 -> 
AssetImportWorkerClient::OnTransportError - code=2 error=End of file
